{"c:\\Users\\garza\\Cloud-9-Leaderboard\\out\\src\\util\\Utility.js":{"path":"c:\\Users\\garza\\Cloud-9-Leaderboard\\out\\src\\util\\Utility.js","s":{"1":1,"2":1,"3":1,"4":1,"5":1,"6":1,"7":1},"b":{},"f":{"1":1},"fnMap":{"1":{"name":"generateRandomName","line":17,"loc":{"start":{"line":17,"column":0},"end":{"line":17,"column":30}}}},"statementMap":{"1":{"start":{"line":11,"column":0},"end":{"line":11,"column":62}},"2":{"start":{"line":12,"column":0},"end":{"line":12,"column":36}},"3":{"start":{"line":13,"column":0},"end":{"line":13,"column":67}},"4":{"start":{"line":17,"column":0},"end":{"line":22,"column":1}},"5":{"start":{"line":18,"column":4},"end":{"line":20,"column":7}},"6":{"start":{"line":21,"column":4},"end":{"line":21,"column":22}},"7":{"start":{"line":23,"column":0},"end":{"line":23,"column":48}}},"branchMap":{}},"c:\\Users\\garza\\Cloud-9-Leaderboard\\out\\src\\util\\Authentication.js":{"path":"c:\\Users\\garza\\Cloud-9-Leaderboard\\out\\src\\util\\Authentication.js","s":{"1":1,"2":1,"3":0,"4":0,"5":1,"6":1,"7":0,"8":0,"9":0,"10":1,"11":0,"12":0,"13":0,"14":1,"15":0,"16":1,"17":1,"18":1,"19":1,"20":1,"21":1,"22":1,"23":1,"24":1,"25":0,"26":0,"27":1,"28":1,"29":8,"30":1,"31":1,"32":0,"33":0,"34":0,"35":0,"36":0,"37":0,"38":0,"39":0,"40":0,"41":0,"42":0,"43":0,"44":0,"45":1,"46":1,"47":0,"48":0,"49":0,"50":0,"51":0,"52":0,"53":0,"54":0,"55":0,"56":0,"57":0,"58":0,"59":0,"60":0,"61":0,"62":0,"63":0,"64":0,"65":0,"66":0,"67":0,"68":0,"69":0,"70":0,"71":0,"72":0,"73":1,"74":1,"75":0,"76":0,"77":0,"78":0,"79":0,"80":0,"81":0,"82":0,"83":0,"84":0,"85":0,"86":0,"87":0,"88":0,"89":0,"90":0,"91":0,"92":0,"93":0,"94":0,"95":0,"96":0,"97":0,"98":0,"99":0,"100":0,"101":0,"102":0,"103":0,"104":0,"105":0,"106":0,"107":0,"108":0,"109":0,"110":0,"111":0,"112":0,"113":0,"114":0,"115":0,"116":0,"117":0,"118":0,"119":0,"120":0,"121":0,"122":0,"123":0,"124":0,"125":0,"126":0,"127":0,"128":1,"129":1,"130":1,"131":1,"132":1,"133":0,"134":0,"135":0,"136":0,"137":0,"138":0,"139":0,"140":0,"141":0,"142":0,"143":1},"b":{"1":[1,1,1],"2":[0,0],"3":[1,1],"4":[0,0],"5":[1,1],"6":[0,0],"7":[0,0],"8":[0,0],"9":[0,0],"10":[0,0,0,0],"11":[0,0],"12":[0,0],"13":[0,0],"14":[0,0],"15":[0,0],"16":[0,0],"17":[0,0],"18":[0,0],"19":[0,0],"20":[0,0],"21":[0,0],"22":[0,0]},"f":{"1":1,"2":0,"3":0,"4":1,"5":0,"6":0,"7":0,"8":0,"9":8,"10":0,"11":0,"12":0,"13":0,"14":0,"15":0,"16":0,"17":0,"18":0,"19":0,"20":1,"21":1,"22":0},"fnMap":{"1":{"name":"(anonymous_1)","line":9,"loc":{"start":{"line":9,"column":44},"end":{"line":9,"column":89}}},"2":{"name":"adopt","line":10,"loc":{"start":{"line":10,"column":4},"end":{"line":10,"column":26}}},"3":{"name":"(anonymous_3)","line":10,"loc":{"start":{"line":10,"column":70},"end":{"line":10,"column":89}}},"4":{"name":"(anonymous_4)","line":11,"loc":{"start":{"line":11,"column":36},"end":{"line":11,"column":63}}},"5":{"name":"fulfilled","line":12,"loc":{"start":{"line":12,"column":8},"end":{"line":12,"column":34}}},"6":{"name":"rejected","line":13,"loc":{"start":{"line":13,"column":8},"end":{"line":13,"column":33}}},"7":{"name":"step","line":14,"loc":{"start":{"line":14,"column":8},"end":{"line":14,"column":30}}},"8":{"name":"storeExtensionContext","line":29,"loc":{"start":{"line":29,"column":0},"end":{"line":29,"column":36}}},"9":{"name":"getExtensionContext","line":37,"loc":{"start":{"line":37,"column":0},"end":{"line":37,"column":31}}},"10":{"name":"logOut","line":44,"loc":{"start":{"line":44,"column":0},"end":{"line":44,"column":18}}},"11":{"name":"authenticateUser","line":66,"loc":{"start":{"line":66,"column":0},"end":{"line":66,"column":28}}},"12":{"name":"(anonymous_12)","line":67,"loc":{"start":{"line":67,"column":43},"end":{"line":67,"column":56}}},"13":{"name":"signInOrSignUpUserWithUserInput","line":113,"loc":{"start":{"line":113,"column":0},"end":{"line":113,"column":43}}},"14":{"name":"(anonymous_14)","line":114,"loc":{"start":{"line":114,"column":43},"end":{"line":114,"column":56}}},"15":{"name":"(anonymous_15)","line":121,"loc":{"start":{"line":121,"column":65},"end":{"line":121,"column":78}}},"16":{"name":"(anonymous_16)","line":131,"loc":{"start":{"line":131,"column":60},"end":{"line":131,"column":73}}},"17":{"name":"(anonymous_17)","line":141,"loc":{"start":{"line":141,"column":60},"end":{"line":141,"column":73}}},"18":{"name":"(anonymous_18)","line":151,"loc":{"start":{"line":151,"column":138},"end":{"line":151,"column":151}}},"19":{"name":"(anonymous_19)","line":183,"loc":{"start":{"line":183,"column":132},"end":{"line":183,"column":145}}},"20":{"name":"checkIfCachedUserIdExistsAndPrompt","line":222,"loc":{"start":{"line":222,"column":0},"end":{"line":222,"column":46}}},"21":{"name":"(anonymous_21)","line":223,"loc":{"start":{"line":223,"column":43},"end":{"line":223,"column":56}}},"22":{"name":"(anonymous_22)","line":232,"loc":{"start":{"line":232,"column":95},"end":{"line":232,"column":108}}}},"statementMap":{"1":{"start":{"line":9,"column":0},"end":{"line":17,"column":2}},"2":{"start":{"line":10,"column":4},"end":{"line":10,"column":112}},"3":{"start":{"line":10,"column":28},"end":{"line":10,"column":110}},"4":{"start":{"line":10,"column":91},"end":{"line":10,"column":106}},"5":{"start":{"line":11,"column":4},"end":{"line":16,"column":7}},"6":{"start":{"line":12,"column":8},"end":{"line":12,"column":99}},"7":{"start":{"line":12,"column":36},"end":{"line":12,"column":97}},"8":{"start":{"line":12,"column":42},"end":{"line":12,"column":70}},"9":{"start":{"line":12,"column":85},"end":{"line":12,"column":95}},"10":{"start":{"line":13,"column":8},"end":{"line":13,"column":102}},"11":{"start":{"line":13,"column":35},"end":{"line":13,"column":100}},"12":{"start":{"line":13,"column":41},"end":{"line":13,"column":73}},"13":{"start":{"line":13,"column":88},"end":{"line":13,"column":98}},"14":{"start":{"line":14,"column":8},"end":{"line":14,"column":118}},"15":{"start":{"line":14,"column":32},"end":{"line":14,"column":116}},"16":{"start":{"line":15,"column":8},"end":{"line":15,"column":78}},"17":{"start":{"line":18,"column":0},"end":{"line":18,"column":62}},"18":{"start":{"line":19,"column":0},"end":{"line":19,"column":200}},"19":{"start":{"line":20,"column":0},"end":{"line":20,"column":35}},"20":{"start":{"line":21,"column":0},"end":{"line":21,"column":43}},"21":{"start":{"line":22,"column":0},"end":{"line":22,"column":43}},"22":{"start":{"line":23,"column":0},"end":{"line":23,"column":71}},"23":{"start":{"line":24,"column":0},"end":{"line":24,"column":33}},"24":{"start":{"line":29,"column":0},"end":{"line":32,"column":1}},"25":{"start":{"line":30,"column":4},"end":{"line":30,"column":45}},"26":{"start":{"line":31,"column":4},"end":{"line":31,"column":27}},"27":{"start":{"line":33,"column":0},"end":{"line":33,"column":54}},"28":{"start":{"line":37,"column":0},"end":{"line":39,"column":1}},"29":{"start":{"line":38,"column":4},"end":{"line":38,"column":28}},"30":{"start":{"line":40,"column":0},"end":{"line":40,"column":50}},"31":{"start":{"line":44,"column":0},"end":{"line":60,"column":1}},"32":{"start":{"line":46,"column":4},"end":{"line":46,"column":36}},"33":{"start":{"line":47,"column":4},"end":{"line":47,"column":72}},"34":{"start":{"line":48,"column":4},"end":{"line":48,"column":77}},"35":{"start":{"line":49,"column":4},"end":{"line":49,"column":79}},"36":{"start":{"line":50,"column":4},"end":{"line":50,"column":80}},"37":{"start":{"line":51,"column":4},"end":{"line":51,"column":78}},"38":{"start":{"line":52,"column":4},"end":{"line":52,"column":82}},"39":{"start":{"line":53,"column":4},"end":{"line":53,"column":64}},"40":{"start":{"line":54,"column":4},"end":{"line":54,"column":55}},"41":{"start":{"line":56,"column":4},"end":{"line":56,"column":62}},"42":{"start":{"line":57,"column":4},"end":{"line":57,"column":64}},"43":{"start":{"line":58,"column":4},"end":{"line":58,"column":65}},"44":{"start":{"line":59,"column":4},"end":{"line":59,"column":66}},"45":{"start":{"line":61,"column":0},"end":{"line":61,"column":24}},"46":{"start":{"line":66,"column":0},"end":{"line":108,"column":1}},"47":{"start":{"line":67,"column":4},"end":{"line":107,"column":7}},"48":{"start":{"line":68,"column":8},"end":{"line":68,"column":42}},"49":{"start":{"line":69,"column":8},"end":{"line":69,"column":83}},"50":{"start":{"line":70,"column":8},"end":{"line":70,"column":95}},"51":{"start":{"line":71,"column":8},"end":{"line":71,"column":92}},"52":{"start":{"line":72,"column":8},"end":{"line":72,"column":88}},"53":{"start":{"line":73,"column":8},"end":{"line":73,"column":95}},"54":{"start":{"line":74,"column":8},"end":{"line":106,"column":9}},"55":{"start":{"line":76,"column":12},"end":{"line":76,"column":82}},"56":{"start":{"line":77,"column":12},"end":{"line":79,"column":15}},"57":{"start":{"line":78,"column":16},"end":{"line":78,"column":109}},"58":{"start":{"line":83,"column":12},"end":{"line":83,"column":63}},"59":{"start":{"line":84,"column":12},"end":{"line":84,"column":67}},"60":{"start":{"line":85,"column":12},"end":{"line":85,"column":63}},"61":{"start":{"line":86,"column":12},"end":{"line":86,"column":75}},"62":{"start":{"line":88,"column":12},"end":{"line":88,"column":71}},"63":{"start":{"line":89,"column":12},"end":{"line":105,"column":13}},"64":{"start":{"line":90,"column":16},"end":{"line":90,"column":47}},"65":{"start":{"line":91,"column":16},"end":{"line":93,"column":19}},"66":{"start":{"line":92,"column":20},"end":{"line":92,"column":113}},"67":{"start":{"line":94,"column":16},"end":{"line":94,"column":101}},"68":{"start":{"line":95,"column":16},"end":{"line":95,"column":62}},"69":{"start":{"line":96,"column":16},"end":{"line":96,"column":74}},"70":{"start":{"line":98,"column":16},"end":{"line":98,"column":78}},"71":{"start":{"line":102,"column":16},"end":{"line":104,"column":19}},"72":{"start":{"line":103,"column":20},"end":{"line":103,"column":113}},"73":{"start":{"line":109,"column":0},"end":{"line":109,"column":44}},"74":{"start":{"line":113,"column":0},"end":{"line":216,"column":1}},"75":{"start":{"line":114,"column":4},"end":{"line":215,"column":7}},"76":{"start":{"line":115,"column":8},"end":{"line":115,"column":42}},"77":{"start":{"line":116,"column":8},"end":{"line":116,"column":30}},"78":{"start":{"line":117,"column":8},"end":{"line":117,"column":33}},"79":{"start":{"line":119,"column":8},"end":{"line":214,"column":12}},"80":{"start":{"line":121,"column":33},"end":{"line":214,"column":10}},"81":{"start":{"line":122,"column":12},"end":{"line":124,"column":13}},"82":{"start":{"line":123,"column":16},"end":{"line":123,"column":23}},"83":{"start":{"line":126,"column":12},"end":{"line":213,"column":16}},"84":{"start":{"line":129,"column":16},"end":{"line":129,"column":35}},"85":{"start":{"line":131,"column":28},"end":{"line":140,"column":14}},"86":{"start":{"line":132,"column":16},"end":{"line":139,"column":19}},"87":{"start":{"line":138,"column":20},"end":{"line":138,"column":45}},"88":{"start":{"line":141,"column":28},"end":{"line":213,"column":14}},"89":{"start":{"line":142,"column":16},"end":{"line":212,"column":17}},"90":{"start":{"line":146,"column":20},"end":{"line":146,"column":83}},"91":{"start":{"line":149,"column":20},"end":{"line":211,"column":21}},"92":{"start":{"line":151,"column":24},"end":{"line":175,"column":28}},"93":{"start":{"line":151,"column":106},"end":{"line":175,"column":26}},"94":{"start":{"line":152,"column":28},"end":{"line":152,"column":57}},"95":{"start":{"line":153,"column":28},"end":{"line":153,"column":58}},"96":{"start":{"line":154,"column":28},"end":{"line":164,"column":29}},"97":{"start":{"line":156,"column":32},"end":{"line":158,"column":42}},"98":{"start":{"line":160,"column":32},"end":{"line":160,"column":90}},"99":{"start":{"line":161,"column":32},"end":{"line":161,"column":94}},"100":{"start":{"line":162,"column":32},"end":{"line":162,"column":93}},"101":{"start":{"line":163,"column":32},"end":{"line":163,"column":39}},"102":{"start":{"line":166,"column":28},"end":{"line":174,"column":29}},"103":{"start":{"line":167,"column":32},"end":{"line":167,"column":84}},"104":{"start":{"line":169,"column":33},"end":{"line":174,"column":29}},"105":{"start":{"line":170,"column":32},"end":{"line":170,"column":84}},"106":{"start":{"line":172,"column":33},"end":{"line":174,"column":29}},"107":{"start":{"line":173,"column":32},"end":{"line":173,"column":83}},"108":{"start":{"line":177,"column":24},"end":{"line":177,"column":82}},"109":{"start":{"line":178,"column":24},"end":{"line":178,"column":86}},"110":{"start":{"line":179,"column":24},"end":{"line":179,"column":85}},"111":{"start":{"line":181,"column":25},"end":{"line":211,"column":21}},"112":{"start":{"line":183,"column":24},"end":{"line":210,"column":28}},"113":{"start":{"line":183,"column":100},"end":{"line":210,"column":26}},"114":{"start":{"line":184,"column":28},"end":{"line":184,"column":56}},"115":{"start":{"line":185,"column":28},"end":{"line":185,"column":58}},"116":{"start":{"line":186,"column":28},"end":{"line":196,"column":29}},"117":{"start":{"line":189,"column":32},"end":{"line":191,"column":42}},"118":{"start":{"line":193,"column":32},"end":{"line":193,"column":90}},"119":{"start":{"line":194,"column":32},"end":{"line":194,"column":94}},"120":{"start":{"line":195,"column":32},"end":{"line":195,"column":39}},"121":{"start":{"line":198,"column":28},"end":{"line":209,"column":29}},"122":{"start":{"line":199,"column":32},"end":{"line":199,"column":90}},"123":{"start":{"line":201,"column":33},"end":{"line":209,"column":29}},"124":{"start":{"line":202,"column":32},"end":{"line":202,"column":129}},"125":{"start":{"line":204,"column":33},"end":{"line":209,"column":29}},"126":{"start":{"line":205,"column":32},"end":{"line":205,"column":83}},"127":{"start":{"line":208,"column":32},"end":{"line":208,"column":83}},"128":{"start":{"line":217,"column":0},"end":{"line":217,"column":74}},"129":{"start":{"line":222,"column":0},"end":{"line":242,"column":1}},"130":{"start":{"line":223,"column":4},"end":{"line":241,"column":7}},"131":{"start":{"line":224,"column":8},"end":{"line":224,"column":42}},"132":{"start":{"line":225,"column":8},"end":{"line":225,"column":81}},"133":{"start":{"line":226,"column":8},"end":{"line":226,"column":29}},"134":{"start":{"line":227,"column":8},"end":{"line":239,"column":9}},"135":{"start":{"line":228,"column":12},"end":{"line":228,"column":28}},"136":{"start":{"line":232,"column":12},"end":{"line":238,"column":16}},"137":{"start":{"line":232,"column":63},"end":{"line":238,"column":14}},"138":{"start":{"line":233,"column":16},"end":{"line":233,"column":85}},"139":{"start":{"line":234,"column":16},"end":{"line":237,"column":17}},"140":{"start":{"line":235,"column":20},"end":{"line":235,"column":36}},"141":{"start":{"line":236,"column":20},"end":{"line":236,"column":119}},"142":{"start":{"line":240,"column":8},"end":{"line":240,"column":24}},"143":{"start":{"line":243,"column":0},"end":{"line":243,"column":80}}},"branchMap":{"1":{"line":9,"type":"binary-expr","locations":[{"start":{"line":9,"column":17},"end":{"line":9,"column":21}},{"start":{"line":9,"column":25},"end":{"line":9,"column":39}},{"start":{"line":9,"column":44},"end":{"line":17,"column":1}}]},"2":{"line":10,"type":"cond-expr","locations":[{"start":{"line":10,"column":56},"end":{"line":10,"column":61}},{"start":{"line":10,"column":64},"end":{"line":10,"column":109}}]},"3":{"line":11,"type":"binary-expr","locations":[{"start":{"line":11,"column":16},"end":{"line":11,"column":17}},{"start":{"line":11,"column":22},"end":{"line":11,"column":33}}]},"4":{"line":14,"type":"cond-expr","locations":[{"start":{"line":14,"column":46},"end":{"line":14,"column":67}},{"start":{"line":14,"column":70},"end":{"line":14,"column":115}}]},"5":{"line":15,"type":"binary-expr","locations":[{"start":{"line":15,"column":51},"end":{"line":15,"column":61}},{"start":{"line":15,"column":65},"end":{"line":15,"column":67}}]},"6":{"line":74,"type":"if","locations":[{"start":{"line":74,"column":8},"end":{"line":74,"column":8}},{"start":{"line":74,"column":8},"end":{"line":74,"column":8}}]},"7":{"line":89,"type":"if","locations":[{"start":{"line":89,"column":12},"end":{"line":89,"column":12}},{"start":{"line":89,"column":12},"end":{"line":89,"column":12}}]},"8":{"line":122,"type":"if","locations":[{"start":{"line":122,"column":12},"end":{"line":122,"column":12}},{"start":{"line":122,"column":12},"end":{"line":122,"column":12}}]},"9":{"line":142,"type":"if","locations":[{"start":{"line":142,"column":16},"end":{"line":142,"column":16}},{"start":{"line":142,"column":16},"end":{"line":142,"column":16}}]},"10":{"line":142,"type":"binary-expr","locations":[{"start":{"line":142,"column":20},"end":{"line":142,"column":38}},{"start":{"line":143,"column":20},"end":{"line":143,"column":41}},{"start":{"line":144,"column":20},"end":{"line":144,"column":31}},{"start":{"line":145,"column":20},"end":{"line":145,"column":34}}]},"11":{"line":149,"type":"if","locations":[{"start":{"line":149,"column":20},"end":{"line":149,"column":20}},{"start":{"line":149,"column":20},"end":{"line":149,"column":20}}]},"12":{"line":154,"type":"if","locations":[{"start":{"line":154,"column":28},"end":{"line":154,"column":28}},{"start":{"line":154,"column":28},"end":{"line":154,"column":28}}]},"13":{"line":166,"type":"if","locations":[{"start":{"line":166,"column":28},"end":{"line":166,"column":28}},{"start":{"line":166,"column":28},"end":{"line":166,"column":28}}]},"14":{"line":169,"type":"if","locations":[{"start":{"line":169,"column":33},"end":{"line":169,"column":33}},{"start":{"line":169,"column":33},"end":{"line":169,"column":33}}]},"15":{"line":172,"type":"if","locations":[{"start":{"line":172,"column":33},"end":{"line":172,"column":33}},{"start":{"line":172,"column":33},"end":{"line":172,"column":33}}]},"16":{"line":181,"type":"if","locations":[{"start":{"line":181,"column":25},"end":{"line":181,"column":25}},{"start":{"line":181,"column":25},"end":{"line":181,"column":25}}]},"17":{"line":186,"type":"if","locations":[{"start":{"line":186,"column":28},"end":{"line":186,"column":28}},{"start":{"line":186,"column":28},"end":{"line":186,"column":28}}]},"18":{"line":198,"type":"if","locations":[{"start":{"line":198,"column":28},"end":{"line":198,"column":28}},{"start":{"line":198,"column":28},"end":{"line":198,"column":28}}]},"19":{"line":201,"type":"if","locations":[{"start":{"line":201,"column":33},"end":{"line":201,"column":33}},{"start":{"line":201,"column":33},"end":{"line":201,"column":33}}]},"20":{"line":204,"type":"if","locations":[{"start":{"line":204,"column":33},"end":{"line":204,"column":33}},{"start":{"line":204,"column":33},"end":{"line":204,"column":33}}]},"21":{"line":227,"type":"if","locations":[{"start":{"line":227,"column":8},"end":{"line":227,"column":8}},{"start":{"line":227,"column":8},"end":{"line":227,"column":8}}]},"22":{"line":234,"type":"if","locations":[{"start":{"line":234,"column":16},"end":{"line":234,"column":16}},{"start":{"line":234,"column":16},"end":{"line":234,"column":16}}]}}},"c:\\Users\\garza\\Cloud-9-Leaderboard\\out\\src\\util\\Firestore.js":{"path":"c:\\Users\\garza\\Cloud-9-Leaderboard\\out\\src\\util\\Firestore.js","s":{"1":1,"2":1,"3":0,"4":0,"5":0,"6":1,"7":0,"8":0,"9":0,"10":1,"11":0,"12":0,"13":0,"14":1,"15":0,"16":0,"17":1,"18":1,"19":1,"20":1,"21":1,"22":1,"23":1,"24":1,"25":1,"26":1,"27":1,"28":1,"29":1,"30":1,"31":1,"32":1,"33":1,"34":0,"35":0,"36":0,"37":0,"38":0,"39":0,"40":0,"41":0,"42":0,"43":0,"44":0,"45":0,"46":0,"47":0,"48":1,"49":1,"50":0,"51":0,"52":0,"53":0,"54":0,"55":0,"56":0,"57":0,"58":0,"59":0,"60":0,"61":0,"62":0,"63":0,"64":0,"65":0,"66":0,"67":0,"68":0,"69":0,"70":0,"71":0,"72":0,"73":0,"74":1,"75":1,"76":0,"77":0,"78":0,"79":0,"80":0,"81":0,"82":0,"83":0,"84":0,"85":0,"86":0,"87":0,"88":0,"89":0,"90":0,"91":0,"92":0,"93":0,"94":0,"95":0,"96":0,"97":0,"98":0,"99":0,"100":0,"101":0,"102":0,"103":0,"104":0,"105":0,"106":0,"107":0,"108":0,"109":0,"110":0,"111":0,"112":1,"113":1,"114":0,"115":0,"116":0,"117":0,"118":0,"119":0,"120":0,"121":0,"122":0,"123":0,"124":0,"125":0,"126":0,"127":0,"128":0,"129":0,"130":0,"131":0,"132":0,"133":0,"134":0,"135":0,"136":0,"137":0,"138":0,"139":0,"140":0,"141":0,"142":0,"143":0,"144":0,"145":0,"146":0,"147":0,"148":0,"149":1,"150":1,"151":0,"152":0,"153":0,"154":0,"155":0,"156":0,"157":0,"158":0,"159":0,"160":0,"161":0,"162":0,"163":0,"164":0,"165":0,"166":1,"167":1,"168":0,"169":0,"170":0,"171":0,"172":0,"173":0,"174":0,"175":0,"176":0,"177":0,"178":0,"179":0,"180":0,"181":0,"182":0,"183":0,"184":0,"185":0,"186":0,"187":0,"188":0,"189":0,"190":1,"191":1,"192":0,"193":0,"194":0,"195":0,"196":0,"197":0,"198":0,"199":0,"200":0,"201":0,"202":0,"203":0,"204":0,"205":0,"206":0,"207":1,"208":1,"209":0,"210":0,"211":0,"212":0,"213":0,"214":0,"215":0,"216":0,"217":0,"218":0,"219":0,"220":0,"221":0,"222":0,"223":0,"224":0,"225":0,"226":1,"227":1,"228":0,"229":0,"230":0,"231":0,"232":0,"233":0,"234":0,"235":0,"236":0,"237":0,"238":0,"239":0,"240":0,"241":0,"242":0,"243":0,"244":0,"245":0,"246":0,"247":0,"248":0,"249":0,"250":0,"251":0,"252":0,"253":0,"254":0,"255":0,"256":0,"257":0,"258":0,"259":0,"260":0,"261":0,"262":0,"263":0,"264":1,"265":1,"266":0,"267":0,"268":0,"269":0,"270":0,"271":0,"272":0,"273":0,"274":0,"275":0,"276":0,"277":0,"278":0,"279":0,"280":0,"281":0,"282":0,"283":0,"284":0,"285":0,"286":0,"287":0,"288":0,"289":0,"290":0,"291":0,"292":0,"293":0,"294":0,"295":0,"296":0,"297":1,"298":1,"299":0,"300":0,"301":0,"302":0,"303":0,"304":0,"305":0,"306":0,"307":0,"308":0,"309":0,"310":0,"311":0,"312":0,"313":0,"314":0,"315":0,"316":0,"317":0,"318":0,"319":0,"320":1,"321":1,"322":0,"323":0,"324":0,"325":0,"326":0,"327":0,"328":0,"329":0,"330":0,"331":0,"332":0,"333":0,"334":0,"335":0,"336":0,"337":0,"338":0,"339":0,"340":0,"341":0,"342":0,"343":1,"344":1,"345":0,"346":0,"347":0,"348":0,"349":0,"350":0,"351":0,"352":0,"353":0,"354":0,"355":0,"356":0,"357":0,"358":0,"359":0,"360":0,"361":0,"362":0,"363":0,"364":1,"365":1,"366":0,"367":0,"368":0,"369":0,"370":0,"371":0,"372":0,"373":0,"374":0,"375":0,"376":0,"377":0,"378":0,"379":0,"380":1,"381":1,"382":0,"383":0,"384":0,"385":0,"386":0,"387":0,"388":0,"389":0,"390":0,"391":0,"392":0,"393":0,"394":0,"395":0,"396":0,"397":0,"398":1,"399":1,"400":0,"401":0,"402":0,"403":0,"404":0,"405":0,"406":0,"407":0,"408":0,"409":0,"410":0,"411":0,"412":0,"413":0,"414":0,"415":0,"416":0,"417":0,"418":0,"419":0,"420":0,"421":0,"422":1},"b":{"1":[1,1,1],"2":[0,0],"3":[0,0],"4":[0,0],"5":[0,0],"6":[1,0],"7":[0,0],"8":[0,0],"9":[0,0,0],"10":[0,0],"11":[0,0],"12":[0,0],"13":[0,0],"14":[0,0],"15":[0,0],"16":[0,0],"17":[0,0],"18":[0,0],"19":[0,0],"20":[0,0],"21":[0,0],"22":[0,0],"23":[0,0],"24":[0,0],"25":[0,0],"26":[0,0],"27":[0,0],"28":[0,0],"29":[0,0],"30":[0,0],"31":[0,0],"32":[0,0,0],"33":[0,0],"34":[0,0],"35":[0,0],"36":[0,0],"37":[0,0],"38":[0,0],"39":[0,0],"40":[0,0],"41":[0,0]},"f":{"1":0,"2":0,"3":0,"4":0,"5":0,"6":0,"7":0,"8":0,"9":0,"10":0,"11":0,"12":0,"13":0,"14":0,"15":0,"16":0,"17":0,"18":0,"19":0,"20":0,"21":0,"22":0,"23":0,"24":0,"25":0,"26":0,"27":0,"28":0,"29":0,"30":0,"31":0,"32":0,"33":0,"34":0,"35":0,"36":0,"37":0,"38":0,"39":0,"40":0,"41":0},"fnMap":{"1":{"name":"(anonymous_1)","line":10,"loc":{"start":{"line":10,"column":44},"end":{"line":10,"column":89}}},"2":{"name":"adopt","line":11,"loc":{"start":{"line":11,"column":4},"end":{"line":11,"column":26}}},"3":{"name":"(anonymous_3)","line":11,"loc":{"start":{"line":11,"column":70},"end":{"line":11,"column":89}}},"4":{"name":"(anonymous_4)","line":12,"loc":{"start":{"line":12,"column":36},"end":{"line":12,"column":63}}},"5":{"name":"fulfilled","line":13,"loc":{"start":{"line":13,"column":8},"end":{"line":13,"column":34}}},"6":{"name":"rejected","line":14,"loc":{"start":{"line":14,"column":8},"end":{"line":14,"column":33}}},"7":{"name":"step","line":15,"loc":{"start":{"line":15,"column":8},"end":{"line":15,"column":30}}},"8":{"name":"loginUserWithEmailAndPassword","line":45,"loc":{"start":{"line":45,"column":0},"end":{"line":45,"column":56}}},"9":{"name":"(anonymous_9)","line":46,"loc":{"start":{"line":46,"column":43},"end":{"line":46,"column":56}}},"10":{"name":"(anonymous_10)","line":51,"loc":{"start":{"line":51,"column":64},"end":{"line":51,"column":77}}},"11":{"name":"updatePersistentStorageWithUserDocData","line":72,"loc":{"start":{"line":72,"column":0},"end":{"line":72,"column":56}}},"12":{"name":"(anonymous_12)","line":73,"loc":{"start":{"line":73,"column":43},"end":{"line":73,"column":56}}},"13":{"name":"(anonymous_13)","line":80,"loc":{"start":{"line":80,"column":63},"end":{"line":80,"column":76}}},"14":{"name":"updateStats","line":114,"loc":{"start":{"line":114,"column":0},"end":{"line":114,"column":30}}},"15":{"name":"retrieveTeamMemberStats","line":231,"loc":{"start":{"line":231,"column":0},"end":{"line":231,"column":43}}},"16":{"name":"(anonymous_16)","line":232,"loc":{"start":{"line":232,"column":43},"end":{"line":232,"column":56}}},"17":{"name":"retrieveAllUserStats","line":301,"loc":{"start":{"line":301,"column":0},"end":{"line":301,"column":40}}},"18":{"name":"(anonymous_18)","line":302,"loc":{"start":{"line":302,"column":43},"end":{"line":302,"column":56}}},"19":{"name":"createNewUserInFirebase","line":339,"loc":{"start":{"line":339,"column":0},"end":{"line":339,"column":50}}},"20":{"name":"(anonymous_20)","line":340,"loc":{"start":{"line":340,"column":43},"end":{"line":340,"column":56}}},"21":{"name":"(anonymous_21)","line":354,"loc":{"start":{"line":354,"column":56},"end":{"line":354,"column":69}}},"22":{"name":"addNewUserDocToDb","line":378,"loc":{"start":{"line":378,"column":0},"end":{"line":378,"column":42}}},"23":{"name":"(anonymous_23)","line":379,"loc":{"start":{"line":379,"column":43},"end":{"line":379,"column":56}}},"24":{"name":"addNewTeamToDbAndJoin","line":419,"loc":{"start":{"line":419,"column":0},"end":{"line":419,"column":41}}},"25":{"name":"(anonymous_25)","line":420,"loc":{"start":{"line":420,"column":43},"end":{"line":420,"column":56}}},"26":{"name":"joinTeamWithTeamId","line":465,"loc":{"start":{"line":465,"column":0},"end":{"line":465,"column":46}}},"27":{"name":"(anonymous_27)","line":466,"loc":{"start":{"line":466,"column":43},"end":{"line":466,"column":56}}},"28":{"name":"leaveTeam","line":539,"loc":{"start":{"line":539,"column":0},"end":{"line":539,"column":35}}},"29":{"name":"(anonymous_29)","line":540,"loc":{"start":{"line":540,"column":43},"end":{"line":540,"column":56}}},"30":{"name":"(anonymous_30)","line":577,"loc":{"start":{"line":577,"column":56},"end":{"line":577,"column":69}}},"31":{"name":"checkIfInTeam","line":600,"loc":{"start":{"line":600,"column":0},"end":{"line":600,"column":25}}},"32":{"name":"(anonymous_32)","line":601,"loc":{"start":{"line":601,"column":43},"end":{"line":601,"column":56}}},"33":{"name":"retrieveUserStats","line":641,"loc":{"start":{"line":641,"column":0},"end":{"line":641,"column":37}}},"34":{"name":"(anonymous_34)","line":642,"loc":{"start":{"line":642,"column":43},"end":{"line":642,"column":56}}},"35":{"name":"retrieveUserDailyMetric","line":688,"loc":{"start":{"line":688,"column":0},"end":{"line":688,"column":46}}},"36":{"name":"retrieveUserUpdateDailyMetric","line":731,"loc":{"start":{"line":731,"column":0},"end":{"line":731,"column":41}}},"37":{"name":"(anonymous_37)","line":732,"loc":{"start":{"line":732,"column":43},"end":{"line":732,"column":56}}},"38":{"name":"userDocExists","line":767,"loc":{"start":{"line":767,"column":0},"end":{"line":767,"column":31}}},"39":{"name":"(anonymous_39)","line":768,"loc":{"start":{"line":768,"column":43},"end":{"line":768,"column":56}}},"40":{"name":"fetchTeamMembersList","line":800,"loc":{"start":{"line":800,"column":0},"end":{"line":800,"column":38}}},"41":{"name":"(anonymous_41)","line":801,"loc":{"start":{"line":801,"column":43},"end":{"line":801,"column":56}}}},"statementMap":{"1":{"start":{"line":10,"column":0},"end":{"line":18,"column":2}},"2":{"start":{"line":11,"column":4},"end":{"line":11,"column":112}},"3":{"start":{"line":11,"column":28},"end":{"line":11,"column":110}},"4":{"start":{"line":11,"column":91},"end":{"line":11,"column":106}},"5":{"start":{"line":12,"column":4},"end":{"line":17,"column":7}},"6":{"start":{"line":13,"column":8},"end":{"line":13,"column":99}},"7":{"start":{"line":13,"column":36},"end":{"line":13,"column":97}},"8":{"start":{"line":13,"column":42},"end":{"line":13,"column":70}},"9":{"start":{"line":13,"column":85},"end":{"line":13,"column":95}},"10":{"start":{"line":14,"column":8},"end":{"line":14,"column":102}},"11":{"start":{"line":14,"column":35},"end":{"line":14,"column":100}},"12":{"start":{"line":14,"column":41},"end":{"line":14,"column":73}},"13":{"start":{"line":14,"column":88},"end":{"line":14,"column":98}},"14":{"start":{"line":15,"column":8},"end":{"line":15,"column":118}},"15":{"start":{"line":15,"column":32},"end":{"line":15,"column":116}},"16":{"start":{"line":16,"column":8},"end":{"line":16,"column":78}},"17":{"start":{"line":19,"column":0},"end":{"line":19,"column":62}},"18":{"start":{"line":20,"column":0},"end":{"line":20,"column":507}},"19":{"start":{"line":21,"column":0},"end":{"line":21,"column":35}},"20":{"start":{"line":22,"column":0},"end":{"line":22,"column":47}},"21":{"start":{"line":23,"column":0},"end":{"line":23,"column":51}},"22":{"start":{"line":24,"column":0},"end":{"line":24,"column":43}},"23":{"start":{"line":25,"column":0},"end":{"line":25,"column":53}},"24":{"start":{"line":26,"column":0},"end":{"line":26,"column":37}},"25":{"start":{"line":27,"column":0},"end":{"line":27,"column":39}},"26":{"start":{"line":28,"column":0},"end":{"line":28,"column":41}},"27":{"start":{"line":29,"column":0},"end":{"line":29,"column":30}},"28":{"start":{"line":30,"column":0},"end":{"line":30,"column":25}},"29":{"start":{"line":32,"column":0},"end":{"line":34,"column":1}},"30":{"start":{"line":33,"column":4},"end":{"line":33,"column":55}},"31":{"start":{"line":35,"column":0},"end":{"line":35,"column":29}},"32":{"start":{"line":36,"column":0},"end":{"line":36,"column":32}},"33":{"start":{"line":45,"column":0},"end":{"line":66,"column":1}},"34":{"start":{"line":46,"column":4},"end":{"line":65,"column":7}},"35":{"start":{"line":47,"column":8},"end":{"line":47,"column":29}},"36":{"start":{"line":48,"column":8},"end":{"line":48,"column":34}},"37":{"start":{"line":49,"column":8},"end":{"line":63,"column":11}},"38":{"start":{"line":51,"column":32},"end":{"line":57,"column":10}},"39":{"start":{"line":52,"column":12},"end":{"line":52,"column":65}},"40":{"start":{"line":54,"column":12},"end":{"line":54,"column":76}},"41":{"start":{"line":55,"column":12},"end":{"line":55,"column":28}},"42":{"start":{"line":56,"column":12},"end":{"line":56,"column":35}},"43":{"start":{"line":59,"column":12},"end":{"line":59,"column":35}},"44":{"start":{"line":60,"column":12},"end":{"line":60,"column":32}},"45":{"start":{"line":61,"column":12},"end":{"line":61,"column":29}},"46":{"start":{"line":62,"column":12},"end":{"line":62,"column":31}},"47":{"start":{"line":64,"column":8},"end":{"line":64,"column":60}},"48":{"start":{"line":67,"column":0},"end":{"line":67,"column":70}},"49":{"start":{"line":72,"column":0},"end":{"line":108,"column":1}},"50":{"start":{"line":73,"column":4},"end":{"line":107,"column":7}},"51":{"start":{"line":74,"column":8},"end":{"line":74,"column":54}},"52":{"start":{"line":75,"column":8},"end":{"line":75,"column":57}},"53":{"start":{"line":76,"column":8},"end":{"line":106,"column":11}},"54":{"start":{"line":80,"column":31},"end":{"line":102,"column":10}},"55":{"start":{"line":81,"column":12},"end":{"line":101,"column":13}},"56":{"start":{"line":82,"column":16},"end":{"line":82,"column":46}},"57":{"start":{"line":83,"column":16},"end":{"line":83,"column":43}},"58":{"start":{"line":84,"column":16},"end":{"line":84,"column":81}},"59":{"start":{"line":85,"column":16},"end":{"line":85,"column":94}},"60":{"start":{"line":86,"column":16},"end":{"line":86,"column":97}},"61":{"start":{"line":87,"column":16},"end":{"line":87,"column":99}},"62":{"start":{"line":88,"column":16},"end":{"line":88,"column":92}},"63":{"start":{"line":89,"column":16},"end":{"line":89,"column":108}},"64":{"start":{"line":90,"column":16},"end":{"line":90,"column":90}},"65":{"start":{"line":91,"column":16},"end":{"line":91,"column":103}},"66":{"start":{"line":92,"column":16},"end":{"line":92,"column":49}},"67":{"start":{"line":93,"column":16},"end":{"line":93,"column":60}},"68":{"start":{"line":96,"column":16},"end":{"line":100,"column":17}},"69":{"start":{"line":97,"column":20},"end":{"line":97,"column":69}},"70":{"start":{"line":98,"column":20},"end":{"line":98,"column":96}},"71":{"start":{"line":99,"column":20},"end":{"line":99,"column":97}},"72":{"start":{"line":104,"column":12},"end":{"line":104,"column":35}},"73":{"start":{"line":105,"column":12},"end":{"line":105,"column":61}},"74":{"start":{"line":109,"column":0},"end":{"line":109,"column":88}},"75":{"start":{"line":114,"column":0},"end":{"line":225,"column":1}},"76":{"start":{"line":115,"column":4},"end":{"line":115,"column":55}},"77":{"start":{"line":116,"column":4},"end":{"line":116,"column":79}},"78":{"start":{"line":118,"column":4},"end":{"line":121,"column":5}},"79":{"start":{"line":119,"column":8},"end":{"line":119,"column":53}},"80":{"start":{"line":120,"column":8},"end":{"line":120,"column":15}},"81":{"start":{"line":122,"column":4},"end":{"line":122,"column":45}},"82":{"start":{"line":123,"column":4},"end":{"line":123,"column":52}},"83":{"start":{"line":124,"column":4},"end":{"line":124,"column":27}},"84":{"start":{"line":125,"column":4},"end":{"line":125,"column":26}},"85":{"start":{"line":126,"column":4},"end":{"line":126,"column":38}},"86":{"start":{"line":127,"column":4},"end":{"line":127,"column":61}},"87":{"start":{"line":128,"column":4},"end":{"line":128,"column":55}},"88":{"start":{"line":129,"column":4},"end":{"line":224,"column":7}},"89":{"start":{"line":133,"column":8},"end":{"line":222,"column":9}},"90":{"start":{"line":135,"column":12},"end":{"line":191,"column":15}},"91":{"start":{"line":141,"column":16},"end":{"line":181,"column":17}},"92":{"start":{"line":143,"column":20},"end":{"line":159,"column":23}},"93":{"start":{"line":154,"column":24},"end":{"line":154,"column":65}},"94":{"start":{"line":155,"column":24},"end":{"line":155,"column":85}},"95":{"start":{"line":158,"column":24},"end":{"line":158,"column":60}},"96":{"start":{"line":160,"column":20},"end":{"line":160,"column":81}},"97":{"start":{"line":163,"column":20},"end":{"line":179,"column":23}},"98":{"start":{"line":174,"column":24},"end":{"line":174,"column":55}},"99":{"start":{"line":175,"column":24},"end":{"line":175,"column":85}},"100":{"start":{"line":178,"column":24},"end":{"line":178,"column":46}},"101":{"start":{"line":180,"column":20},"end":{"line":180,"column":81}},"102":{"start":{"line":182,"column":16},"end":{"line":189,"column":19}},"103":{"start":{"line":190,"column":16},"end":{"line":190,"column":77}},"104":{"start":{"line":192,"column":12},"end":{"line":192,"column":73}},"105":{"start":{"line":196,"column":12},"end":{"line":212,"column":15}},"106":{"start":{"line":207,"column":16},"end":{"line":207,"column":47}},"107":{"start":{"line":208,"column":16},"end":{"line":208,"column":77}},"108":{"start":{"line":211,"column":16},"end":{"line":211,"column":38}},"109":{"start":{"line":213,"column":12},"end":{"line":220,"column":15}},"110":{"start":{"line":221,"column":12},"end":{"line":221,"column":73}},"111":{"start":{"line":223,"column":8},"end":{"line":223,"column":69}},"112":{"start":{"line":226,"column":0},"end":{"line":226,"column":34}},"113":{"start":{"line":231,"column":0},"end":{"line":295,"column":1}},"114":{"start":{"line":232,"column":4},"end":{"line":294,"column":7}},"115":{"start":{"line":233,"column":8},"end":{"line":233,"column":38}},"116":{"start":{"line":234,"column":8},"end":{"line":234,"column":67}},"117":{"start":{"line":235,"column":8},"end":{"line":235,"column":59}},"118":{"start":{"line":236,"column":8},"end":{"line":236,"column":86}},"119":{"start":{"line":237,"column":8},"end":{"line":293,"column":9}},"120":{"start":{"line":238,"column":12},"end":{"line":238,"column":74}},"121":{"start":{"line":241,"column":12},"end":{"line":241,"column":29}},"122":{"start":{"line":242,"column":12},"end":{"line":292,"column":13}},"123":{"start":{"line":243,"column":16},"end":{"line":243,"column":46}},"124":{"start":{"line":246,"column":16},"end":{"line":291,"column":19}},"125":{"start":{"line":250,"column":20},"end":{"line":253,"column":21}},"126":{"start":{"line":251,"column":24},"end":{"line":251,"column":62}},"127":{"start":{"line":252,"column":24},"end":{"line":252,"column":39}},"128":{"start":{"line":254,"column":20},"end":{"line":287,"column":23}},"129":{"start":{"line":255,"column":24},"end":{"line":255,"column":78}},"130":{"start":{"line":256,"column":24},"end":{"line":256,"column":42}},"131":{"start":{"line":257,"column":24},"end":{"line":257,"column":48}},"132":{"start":{"line":258,"column":24},"end":{"line":258,"column":75}},"133":{"start":{"line":259,"column":24},"end":{"line":286,"column":27}},"134":{"start":{"line":265,"column":28},"end":{"line":265,"column":47}},"135":{"start":{"line":266,"column":28},"end":{"line":270,"column":29}},"136":{"start":{"line":267,"column":32},"end":{"line":269,"column":33}},"137":{"start":{"line":268,"column":36},"end":{"line":268,"column":81}},"138":{"start":{"line":271,"column":28},"end":{"line":271,"column":45}},"139":{"start":{"line":274,"column":28},"end":{"line":274,"column":68}},"140":{"start":{"line":275,"column":28},"end":{"line":277,"column":29}},"141":{"start":{"line":276,"column":32},"end":{"line":276,"column":64}},"142":{"start":{"line":278,"column":28},"end":{"line":278,"column":52}},"143":{"start":{"line":279,"column":28},"end":{"line":279,"column":51}},"144":{"start":{"line":280,"column":28},"end":{"line":280,"column":43}},"145":{"start":{"line":283,"column":28},"end":{"line":283,"column":59}},"146":{"start":{"line":284,"column":28},"end":{"line":284,"column":49}},"147":{"start":{"line":285,"column":28},"end":{"line":285,"column":52}},"148":{"start":{"line":290,"column":20},"end":{"line":290,"column":64}},"149":{"start":{"line":296,"column":0},"end":{"line":296,"column":58}},"150":{"start":{"line":301,"column":0},"end":{"line":329,"column":1}},"151":{"start":{"line":302,"column":4},"end":{"line":328,"column":7}},"152":{"start":{"line":303,"column":8},"end":{"line":303,"column":38}},"153":{"start":{"line":304,"column":8},"end":{"line":304,"column":67}},"154":{"start":{"line":305,"column":8},"end":{"line":305,"column":25}},"155":{"start":{"line":306,"column":8},"end":{"line":327,"column":11}},"156":{"start":{"line":309,"column":12},"end":{"line":319,"column":15}},"157":{"start":{"line":311,"column":16},"end":{"line":311,"column":70}},"158":{"start":{"line":312,"column":16},"end":{"line":312,"column":34}},"159":{"start":{"line":313,"column":16},"end":{"line":313,"column":40}},"160":{"start":{"line":314,"column":16},"end":{"line":316,"column":17}},"161":{"start":{"line":315,"column":20},"end":{"line":315,"column":52}},"162":{"start":{"line":317,"column":16},"end":{"line":317,"column":39}},"163":{"start":{"line":320,"column":12},"end":{"line":320,"column":27}},"164":{"start":{"line":323,"column":12},"end":{"line":323,"column":37}},"165":{"start":{"line":326,"column":12},"end":{"line":326,"column":56}},"166":{"start":{"line":330,"column":0},"end":{"line":330,"column":52}},"167":{"start":{"line":339,"column":0},"end":{"line":371,"column":1}},"168":{"start":{"line":340,"column":4},"end":{"line":370,"column":7}},"169":{"start":{"line":342,"column":8},"end":{"line":345,"column":9}},"170":{"start":{"line":343,"column":12},"end":{"line":343,"column":41}},"171":{"start":{"line":344,"column":12},"end":{"line":344,"column":70}},"172":{"start":{"line":346,"column":8},"end":{"line":349,"column":9}},"173":{"start":{"line":347,"column":12},"end":{"line":347,"column":44}},"174":{"start":{"line":348,"column":12},"end":{"line":348,"column":73}},"175":{"start":{"line":350,"column":8},"end":{"line":350,"column":28}},"176":{"start":{"line":351,"column":8},"end":{"line":351,"column":34}},"177":{"start":{"line":352,"column":8},"end":{"line":368,"column":11}},"178":{"start":{"line":354,"column":24},"end":{"line":361,"column":10}},"179":{"start":{"line":355,"column":12},"end":{"line":355,"column":55}},"180":{"start":{"line":356,"column":12},"end":{"line":356,"column":69}},"181":{"start":{"line":358,"column":12},"end":{"line":358,"column":58}},"182":{"start":{"line":359,"column":12},"end":{"line":359,"column":27}},"183":{"start":{"line":360,"column":12},"end":{"line":360,"column":35}},"184":{"start":{"line":363,"column":12},"end":{"line":363,"column":35}},"185":{"start":{"line":364,"column":12},"end":{"line":364,"column":49}},"186":{"start":{"line":365,"column":12},"end":{"line":365,"column":52}},"187":{"start":{"line":366,"column":12},"end":{"line":366,"column":28}},"188":{"start":{"line":367,"column":12},"end":{"line":367,"column":31}},"189":{"start":{"line":369,"column":8},"end":{"line":369,"column":58}},"190":{"start":{"line":372,"column":0},"end":{"line":372,"column":58}},"191":{"start":{"line":378,"column":0},"end":{"line":412,"column":1}},"192":{"start":{"line":379,"column":4},"end":{"line":411,"column":7}},"193":{"start":{"line":380,"column":8},"end":{"line":380,"column":56}},"194":{"start":{"line":381,"column":8},"end":{"line":384,"column":9}},"195":{"start":{"line":382,"column":12},"end":{"line":382,"column":45}},"196":{"start":{"line":383,"column":12},"end":{"line":383,"column":19}},"197":{"start":{"line":385,"column":8},"end":{"line":385,"column":59}},"198":{"start":{"line":386,"column":8},"end":{"line":386,"column":61}},"199":{"start":{"line":388,"column":8},"end":{"line":397,"column":11}},"200":{"start":{"line":392,"column":12},"end":{"line":392,"column":38}},"201":{"start":{"line":393,"column":12},"end":{"line":393,"column":70}},"202":{"start":{"line":396,"column":12},"end":{"line":396,"column":52}},"203":{"start":{"line":399,"column":8},"end":{"line":409,"column":11}},"204":{"start":{"line":405,"column":12},"end":{"line":405,"column":63}},"205":{"start":{"line":408,"column":12},"end":{"line":408,"column":76}},"206":{"start":{"line":410,"column":8},"end":{"line":410,"column":61}},"207":{"start":{"line":413,"column":0},"end":{"line":413,"column":46}},"208":{"start":{"line":419,"column":0},"end":{"line":457,"column":1}},"209":{"start":{"line":420,"column":4},"end":{"line":456,"column":7}},"210":{"start":{"line":421,"column":8},"end":{"line":423,"column":9}},"211":{"start":{"line":422,"column":12},"end":{"line":422,"column":19}},"212":{"start":{"line":424,"column":8},"end":{"line":424,"column":118}},"213":{"start":{"line":425,"column":8},"end":{"line":425,"column":31}},"214":{"start":{"line":427,"column":8},"end":{"line":427,"column":28}},"215":{"start":{"line":428,"column":8},"end":{"line":428,"column":42}},"216":{"start":{"line":429,"column":8},"end":{"line":429,"column":52}},"217":{"start":{"line":431,"column":8},"end":{"line":455,"column":11}},"218":{"start":{"line":436,"column":12},"end":{"line":454,"column":13}},"219":{"start":{"line":437,"column":16},"end":{"line":437,"column":52}},"220":{"start":{"line":441,"column":16},"end":{"line":453,"column":19}},"221":{"start":{"line":444,"column":20},"end":{"line":444,"column":36}},"222":{"start":{"line":445,"column":20},"end":{"line":445,"column":73}},"223":{"start":{"line":446,"column":20},"end":{"line":446,"column":58}},"224":{"start":{"line":450,"column":20},"end":{"line":452,"column":23}},"225":{"start":{"line":451,"column":24},"end":{"line":451,"column":86}},"226":{"start":{"line":458,"column":0},"end":{"line":458,"column":54}},"227":{"start":{"line":465,"column":0},"end":{"line":532,"column":1}},"228":{"start":{"line":466,"column":4},"end":{"line":531,"column":7}},"229":{"start":{"line":467,"column":8},"end":{"line":467,"column":52}},"230":{"start":{"line":468,"column":8},"end":{"line":468,"column":59}},"231":{"start":{"line":469,"column":8},"end":{"line":469,"column":77}},"232":{"start":{"line":470,"column":8},"end":{"line":470,"column":83}},"233":{"start":{"line":471,"column":8},"end":{"line":471,"column":89}},"234":{"start":{"line":472,"column":8},"end":{"line":530,"column":9}},"235":{"start":{"line":473,"column":12},"end":{"line":473,"column":47}},"236":{"start":{"line":474,"column":12},"end":{"line":474,"column":19}},"237":{"start":{"line":477,"column":12},"end":{"line":477,"column":45}},"238":{"start":{"line":478,"column":12},"end":{"line":478,"column":51}},"239":{"start":{"line":480,"column":12},"end":{"line":480,"column":85}},"240":{"start":{"line":482,"column":12},"end":{"line":482,"column":30}},"241":{"start":{"line":483,"column":12},"end":{"line":483,"column":53}},"242":{"start":{"line":484,"column":12},"end":{"line":488,"column":15}},"243":{"start":{"line":485,"column":16},"end":{"line":485,"column":40}},"244":{"start":{"line":486,"column":16},"end":{"line":486,"column":34}},"245":{"start":{"line":487,"column":16},"end":{"line":487,"column":41}},"246":{"start":{"line":489,"column":12},"end":{"line":489,"column":50}},"247":{"start":{"line":491,"column":12},"end":{"line":491,"column":99}},"248":{"start":{"line":493,"column":12},"end":{"line":505,"column":15}},"249":{"start":{"line":500,"column":16},"end":{"line":500,"column":99}},"250":{"start":{"line":503,"column":16},"end":{"line":503,"column":39}},"251":{"start":{"line":504,"column":16},"end":{"line":504,"column":77}},"252":{"start":{"line":507,"column":12},"end":{"line":507,"column":85}},"253":{"start":{"line":509,"column":12},"end":{"line":529,"column":15}},"254":{"start":{"line":516,"column":16},"end":{"line":516,"column":86}},"255":{"start":{"line":517,"column":16},"end":{"line":517,"column":95}},"256":{"start":{"line":518,"column":16},"end":{"line":518,"column":90}},"257":{"start":{"line":519,"column":16},"end":{"line":519,"column":107}},"258":{"start":{"line":520,"column":16},"end":{"line":520,"column":111}},"259":{"start":{"line":521,"column":16},"end":{"line":521,"column":111}},"260":{"start":{"line":522,"column":16},"end":{"line":522,"column":73}},"261":{"start":{"line":523,"column":16},"end":{"line":524,"column":82}},"262":{"start":{"line":527,"column":16},"end":{"line":527,"column":39}},"263":{"start":{"line":528,"column":16},"end":{"line":528,"column":56}},"264":{"start":{"line":533,"column":0},"end":{"line":533,"column":48}},"265":{"start":{"line":539,"column":0},"end":{"line":594,"column":1}},"266":{"start":{"line":540,"column":4},"end":{"line":593,"column":7}},"267":{"start":{"line":542,"column":8},"end":{"line":542,"column":59}},"268":{"start":{"line":543,"column":8},"end":{"line":543,"column":91}},"269":{"start":{"line":544,"column":8},"end":{"line":547,"column":9}},"270":{"start":{"line":545,"column":12},"end":{"line":545,"column":94}},"271":{"start":{"line":546,"column":12},"end":{"line":546,"column":19}},"272":{"start":{"line":549,"column":8},"end":{"line":549,"column":81}},"273":{"start":{"line":551,"column":8},"end":{"line":551,"column":28}},"274":{"start":{"line":552,"column":8},"end":{"line":556,"column":11}},"275":{"start":{"line":553,"column":12},"end":{"line":553,"column":34}},"276":{"start":{"line":554,"column":12},"end":{"line":554,"column":30}},"277":{"start":{"line":555,"column":12},"end":{"line":555,"column":45}},"278":{"start":{"line":557,"column":8},"end":{"line":557,"column":51}},"279":{"start":{"line":559,"column":8},"end":{"line":559,"column":95}},"280":{"start":{"line":561,"column":8},"end":{"line":561,"column":81}},"281":{"start":{"line":563,"column":8},"end":{"line":563,"column":57}},"282":{"start":{"line":565,"column":8},"end":{"line":570,"column":9}},"283":{"start":{"line":566,"column":12},"end":{"line":568,"column":15}},"284":{"start":{"line":569,"column":12},"end":{"line":569,"column":60}},"285":{"start":{"line":572,"column":8},"end":{"line":592,"column":11}},"286":{"start":{"line":577,"column":24},"end":{"line":588,"column":10}},"287":{"start":{"line":579,"column":12},"end":{"line":579,"column":93}},"288":{"start":{"line":580,"column":12},"end":{"line":580,"column":45}},"289":{"start":{"line":581,"column":12},"end":{"line":581,"column":36}},"290":{"start":{"line":583,"column":12},"end":{"line":583,"column":67}},"291":{"start":{"line":584,"column":12},"end":{"line":584,"column":94}},"292":{"start":{"line":585,"column":12},"end":{"line":585,"column":45}},"293":{"start":{"line":586,"column":12},"end":{"line":586,"column":89}},"294":{"start":{"line":587,"column":12},"end":{"line":587,"column":74}},"295":{"start":{"line":590,"column":12},"end":{"line":590,"column":35}},"296":{"start":{"line":591,"column":12},"end":{"line":591,"column":62}},"297":{"start":{"line":595,"column":0},"end":{"line":595,"column":30}},"298":{"start":{"line":600,"column":0},"end":{"line":635,"column":1}},"299":{"start":{"line":601,"column":4},"end":{"line":634,"column":7}},"300":{"start":{"line":602,"column":8},"end":{"line":602,"column":59}},"301":{"start":{"line":603,"column":8},"end":{"line":603,"column":77}},"302":{"start":{"line":604,"column":8},"end":{"line":605,"column":25}},"303":{"start":{"line":605,"column":12},"end":{"line":605,"column":25}},"304":{"start":{"line":606,"column":8},"end":{"line":606,"column":27}},"305":{"start":{"line":607,"column":8},"end":{"line":631,"column":11}},"306":{"start":{"line":613,"column":12},"end":{"line":626,"column":13}},"307":{"start":{"line":614,"column":16},"end":{"line":614,"column":44}},"308":{"start":{"line":615,"column":16},"end":{"line":615,"column":48}},"309":{"start":{"line":616,"column":16},"end":{"line":625,"column":17}},"310":{"start":{"line":617,"column":20},"end":{"line":617,"column":70}},"311":{"start":{"line":618,"column":20},"end":{"line":618,"column":35}},"312":{"start":{"line":621,"column":20},"end":{"line":621,"column":65}},"313":{"start":{"line":622,"column":20},"end":{"line":622,"column":34}},"314":{"start":{"line":623,"column":20},"end":{"line":623,"column":93}},"315":{"start":{"line":624,"column":20},"end":{"line":624,"column":106}},"316":{"start":{"line":629,"column":12},"end":{"line":629,"column":32}},"317":{"start":{"line":630,"column":12},"end":{"line":630,"column":26}},"318":{"start":{"line":632,"column":8},"end":{"line":632,"column":55}},"319":{"start":{"line":633,"column":8},"end":{"line":633,"column":22}},"320":{"start":{"line":636,"column":0},"end":{"line":636,"column":38}},"321":{"start":{"line":641,"column":0},"end":{"line":681,"column":1}},"322":{"start":{"line":642,"column":4},"end":{"line":680,"column":7}},"323":{"start":{"line":643,"column":8},"end":{"line":643,"column":38}},"324":{"start":{"line":644,"column":8},"end":{"line":644,"column":66}},"325":{"start":{"line":645,"column":8},"end":{"line":645,"column":59}},"326":{"start":{"line":646,"column":8},"end":{"line":646,"column":83}},"327":{"start":{"line":647,"column":8},"end":{"line":647,"column":25}},"328":{"start":{"line":648,"column":8},"end":{"line":679,"column":9}},"329":{"start":{"line":649,"column":12},"end":{"line":649,"column":55}},"330":{"start":{"line":652,"column":12},"end":{"line":678,"column":15}},"331":{"start":{"line":659,"column":16},"end":{"line":668,"column":19}},"332":{"start":{"line":660,"column":20},"end":{"line":660,"column":82}},"333":{"start":{"line":661,"column":20},"end":{"line":661,"column":38}},"334":{"start":{"line":662,"column":20},"end":{"line":662,"column":46}},"335":{"start":{"line":663,"column":20},"end":{"line":665,"column":21}},"336":{"start":{"line":664,"column":24},"end":{"line":664,"column":56}},"337":{"start":{"line":666,"column":20},"end":{"line":666,"column":43}},"338":{"start":{"line":669,"column":16},"end":{"line":669,"column":45}},"339":{"start":{"line":670,"column":16},"end":{"line":670,"column":37}},"340":{"start":{"line":671,"column":16},"end":{"line":671,"column":31}},"341":{"start":{"line":674,"column":16},"end":{"line":674,"column":34}},"342":{"start":{"line":677,"column":16},"end":{"line":677,"column":60}},"343":{"start":{"line":682,"column":0},"end":{"line":682,"column":46}},"344":{"start":{"line":688,"column":0},"end":{"line":725,"column":1}},"345":{"start":{"line":689,"column":4},"end":{"line":689,"column":34}},"346":{"start":{"line":690,"column":4},"end":{"line":690,"column":62}},"347":{"start":{"line":691,"column":4},"end":{"line":691,"column":55}},"348":{"start":{"line":692,"column":4},"end":{"line":692,"column":79}},"349":{"start":{"line":693,"column":4},"end":{"line":693,"column":24}},"350":{"start":{"line":694,"column":4},"end":{"line":694,"column":30}},"351":{"start":{"line":695,"column":4},"end":{"line":724,"column":5}},"352":{"start":{"line":696,"column":8},"end":{"line":696,"column":88}},"353":{"start":{"line":697,"column":8},"end":{"line":697,"column":31}},"354":{"start":{"line":698,"column":8},"end":{"line":698,"column":15}},"355":{"start":{"line":701,"column":8},"end":{"line":723,"column":11}},"356":{"start":{"line":707,"column":12},"end":{"line":714,"column":13}},"357":{"start":{"line":709,"column":16},"end":{"line":709,"column":38}},"358":{"start":{"line":712,"column":16},"end":{"line":712,"column":54}},"359":{"start":{"line":713,"column":16},"end":{"line":713,"column":33}},"360":{"start":{"line":717,"column":12},"end":{"line":717,"column":36}},"361":{"start":{"line":718,"column":12},"end":{"line":718,"column":33}},"362":{"start":{"line":719,"column":12},"end":{"line":719,"column":33}},"363":{"start":{"line":722,"column":12},"end":{"line":722,"column":56}},"364":{"start":{"line":726,"column":0},"end":{"line":726,"column":58}},"365":{"start":{"line":731,"column":0},"end":{"line":760,"column":1}},"366":{"start":{"line":732,"column":4},"end":{"line":759,"column":7}},"367":{"start":{"line":733,"column":8},"end":{"line":733,"column":38}},"368":{"start":{"line":734,"column":8},"end":{"line":734,"column":59}},"369":{"start":{"line":735,"column":8},"end":{"line":735,"column":83}},"370":{"start":{"line":736,"column":8},"end":{"line":736,"column":24}},"371":{"start":{"line":737,"column":8},"end":{"line":756,"column":11}},"372":{"start":{"line":744,"column":12},"end":{"line":752,"column":13}},"373":{"start":{"line":746,"column":16},"end":{"line":746,"column":46}},"374":{"start":{"line":747,"column":16},"end":{"line":747,"column":45}},"375":{"start":{"line":750,"column":16},"end":{"line":750,"column":54}},"376":{"start":{"line":751,"column":16},"end":{"line":751,"column":40}},"377":{"start":{"line":755,"column":12},"end":{"line":755,"column":56}},"378":{"start":{"line":757,"column":8},"end":{"line":757,"column":33}},"379":{"start":{"line":758,"column":8},"end":{"line":758,"column":27}},"380":{"start":{"line":761,"column":0},"end":{"line":761,"column":70}},"381":{"start":{"line":767,"column":0},"end":{"line":795,"column":1}},"382":{"start":{"line":768,"column":4},"end":{"line":794,"column":7}},"383":{"start":{"line":769,"column":8},"end":{"line":770,"column":25}},"384":{"start":{"line":770,"column":12},"end":{"line":770,"column":25}},"385":{"start":{"line":771,"column":8},"end":{"line":771,"column":82}},"386":{"start":{"line":772,"column":8},"end":{"line":772,"column":27}},"387":{"start":{"line":773,"column":8},"end":{"line":791,"column":11}},"388":{"start":{"line":778,"column":12},"end":{"line":782,"column":13}},"389":{"start":{"line":779,"column":16},"end":{"line":779,"column":64}},"390":{"start":{"line":780,"column":16},"end":{"line":780,"column":43}},"391":{"start":{"line":781,"column":16},"end":{"line":781,"column":30}},"392":{"start":{"line":785,"column":12},"end":{"line":785,"column":65}},"393":{"start":{"line":786,"column":12},"end":{"line":786,"column":26}},"394":{"start":{"line":789,"column":12},"end":{"line":789,"column":66}},"395":{"start":{"line":790,"column":12},"end":{"line":790,"column":27}},"396":{"start":{"line":792,"column":8},"end":{"line":792,"column":53}},"397":{"start":{"line":793,"column":8},"end":{"line":793,"column":22}},"398":{"start":{"line":796,"column":0},"end":{"line":796,"column":38}},"399":{"start":{"line":800,"column":0},"end":{"line":838,"column":1}},"400":{"start":{"line":801,"column":4},"end":{"line":837,"column":7}},"401":{"start":{"line":802,"column":8},"end":{"line":802,"column":59}},"402":{"start":{"line":803,"column":8},"end":{"line":803,"column":79}},"403":{"start":{"line":804,"column":8},"end":{"line":805,"column":19}},"404":{"start":{"line":805,"column":12},"end":{"line":805,"column":19}},"405":{"start":{"line":807,"column":8},"end":{"line":807,"column":32}},"406":{"start":{"line":808,"column":8},"end":{"line":835,"column":11}},"407":{"start":{"line":813,"column":12},"end":{"line":816,"column":13}},"408":{"start":{"line":814,"column":16},"end":{"line":814,"column":43}},"409":{"start":{"line":815,"column":16},"end":{"line":815,"column":31}},"410":{"start":{"line":818,"column":12},"end":{"line":828,"column":15}},"411":{"start":{"line":819,"column":16},"end":{"line":819,"column":46}},"412":{"start":{"line":820,"column":16},"end":{"line":827,"column":17}},"413":{"start":{"line":821,"column":20},"end":{"line":821,"column":56}},"414":{"start":{"line":822,"column":20},"end":{"line":822,"column":43}},"415":{"start":{"line":823,"column":20},"end":{"line":823,"column":44}},"416":{"start":{"line":824,"column":20},"end":{"line":824,"column":55}},"417":{"start":{"line":825,"column":20},"end":{"line":825,"column":53}},"418":{"start":{"line":826,"column":20},"end":{"line":826,"column":54}},"419":{"start":{"line":831,"column":12},"end":{"line":831,"column":27}},"420":{"start":{"line":834,"column":12},"end":{"line":834,"column":35}},"421":{"start":{"line":836,"column":8},"end":{"line":836,"column":23}},"422":{"start":{"line":839,"column":0},"end":{"line":839,"column":52}}},"branchMap":{"1":{"line":10,"type":"binary-expr","locations":[{"start":{"line":10,"column":17},"end":{"line":10,"column":21}},{"start":{"line":10,"column":25},"end":{"line":10,"column":39}},{"start":{"line":10,"column":44},"end":{"line":18,"column":1}}]},"2":{"line":11,"type":"cond-expr","locations":[{"start":{"line":11,"column":56},"end":{"line":11,"column":61}},{"start":{"line":11,"column":64},"end":{"line":11,"column":109}}]},"3":{"line":12,"type":"binary-expr","locations":[{"start":{"line":12,"column":16},"end":{"line":12,"column":17}},{"start":{"line":12,"column":22},"end":{"line":12,"column":33}}]},"4":{"line":15,"type":"cond-expr","locations":[{"start":{"line":15,"column":46},"end":{"line":15,"column":67}},{"start":{"line":15,"column":70},"end":{"line":15,"column":115}}]},"5":{"line":16,"type":"binary-expr","locations":[{"start":{"line":16,"column":51},"end":{"line":16,"column":61}},{"start":{"line":16,"column":65},"end":{"line":16,"column":67}}]},"6":{"line":32,"type":"if","locations":[{"start":{"line":32,"column":0},"end":{"line":32,"column":0}},{"start":{"line":32,"column":0},"end":{"line":32,"column":0}}]},"7":{"line":81,"type":"if","locations":[{"start":{"line":81,"column":12},"end":{"line":81,"column":12}},{"start":{"line":81,"column":12},"end":{"line":81,"column":12}}]},"8":{"line":96,"type":"if","locations":[{"start":{"line":96,"column":16},"end":{"line":96,"column":16}},{"start":{"line":96,"column":16},"end":{"line":96,"column":16}}]},"9":{"line":96,"type":"binary-expr","locations":[{"start":{"line":96,"column":20},"end":{"line":96,"column":32}},{"start":{"line":96,"column":36},"end":{"line":96,"column":56}},{"start":{"line":96,"column":60},"end":{"line":96,"column":73}}]},"10":{"line":118,"type":"if","locations":[{"start":{"line":118,"column":4},"end":{"line":118,"column":4}},{"start":{"line":118,"column":4},"end":{"line":118,"column":4}}]},"11":{"line":133,"type":"if","locations":[{"start":{"line":133,"column":8},"end":{"line":133,"column":8}},{"start":{"line":133,"column":8},"end":{"line":133,"column":8}}]},"12":{"line":141,"type":"if","locations":[{"start":{"line":141,"column":16},"end":{"line":141,"column":16}},{"start":{"line":141,"column":16},"end":{"line":141,"column":16}}]},"13":{"line":237,"type":"if","locations":[{"start":{"line":237,"column":8},"end":{"line":237,"column":8}},{"start":{"line":237,"column":8},"end":{"line":237,"column":8}}]},"14":{"line":242,"type":"if","locations":[{"start":{"line":242,"column":12},"end":{"line":242,"column":12}},{"start":{"line":242,"column":12},"end":{"line":242,"column":12}}]},"15":{"line":250,"type":"if","locations":[{"start":{"line":250,"column":20},"end":{"line":250,"column":20}},{"start":{"line":250,"column":20},"end":{"line":250,"column":20}}]},"16":{"line":266,"type":"if","locations":[{"start":{"line":266,"column":28},"end":{"line":266,"column":28}},{"start":{"line":266,"column":28},"end":{"line":266,"column":28}}]},"17":{"line":342,"type":"if","locations":[{"start":{"line":342,"column":8},"end":{"line":342,"column":8}},{"start":{"line":342,"column":8},"end":{"line":342,"column":8}}]},"18":{"line":346,"type":"if","locations":[{"start":{"line":346,"column":8},"end":{"line":346,"column":8}},{"start":{"line":346,"column":8},"end":{"line":346,"column":8}}]},"19":{"line":381,"type":"if","locations":[{"start":{"line":381,"column":8},"end":{"line":381,"column":8}},{"start":{"line":381,"column":8},"end":{"line":381,"column":8}}]},"20":{"line":421,"type":"if","locations":[{"start":{"line":421,"column":8},"end":{"line":421,"column":8}},{"start":{"line":421,"column":8},"end":{"line":421,"column":8}}]},"21":{"line":421,"type":"binary-expr","locations":[{"start":{"line":421,"column":12},"end":{"line":421,"column":26}},{"start":{"line":421,"column":30},"end":{"line":421,"column":51}}]},"22":{"line":436,"type":"if","locations":[{"start":{"line":436,"column":12},"end":{"line":436,"column":12}},{"start":{"line":436,"column":12},"end":{"line":436,"column":12}}]},"23":{"line":472,"type":"if","locations":[{"start":{"line":472,"column":8},"end":{"line":472,"column":8}},{"start":{"line":472,"column":8},"end":{"line":472,"column":8}}]},"24":{"line":472,"type":"binary-expr","locations":[{"start":{"line":472,"column":12},"end":{"line":472,"column":32}},{"start":{"line":472,"column":36},"end":{"line":472,"column":49}}]},"25":{"line":544,"type":"if","locations":[{"start":{"line":544,"column":8},"end":{"line":544,"column":8}},{"start":{"line":544,"column":8},"end":{"line":544,"column":8}}]},"26":{"line":565,"type":"if","locations":[{"start":{"line":565,"column":8},"end":{"line":565,"column":8}},{"start":{"line":565,"column":8},"end":{"line":565,"column":8}}]},"27":{"line":604,"type":"if","locations":[{"start":{"line":604,"column":8},"end":{"line":604,"column":8}},{"start":{"line":604,"column":8},"end":{"line":604,"column":8}}]},"28":{"line":613,"type":"if","locations":[{"start":{"line":613,"column":12},"end":{"line":613,"column":12}},{"start":{"line":613,"column":12},"end":{"line":613,"column":12}}]},"29":{"line":616,"type":"if","locations":[{"start":{"line":616,"column":16},"end":{"line":616,"column":16}},{"start":{"line":616,"column":16},"end":{"line":616,"column":16}}]},"30":{"line":616,"type":"binary-expr","locations":[{"start":{"line":616,"column":20},"end":{"line":616,"column":35}},{"start":{"line":616,"column":39},"end":{"line":616,"column":61}}]},"31":{"line":648,"type":"if","locations":[{"start":{"line":648,"column":8},"end":{"line":648,"column":8}},{"start":{"line":648,"column":8},"end":{"line":648,"column":8}}]},"32":{"line":648,"type":"binary-expr","locations":[{"start":{"line":648,"column":12},"end":{"line":648,"column":28}},{"start":{"line":648,"column":32},"end":{"line":648,"column":50}},{"start":{"line":648,"column":54},"end":{"line":648,"column":80}}]},"33":{"line":695,"type":"if","locations":[{"start":{"line":695,"column":4},"end":{"line":695,"column":4}},{"start":{"line":695,"column":4},"end":{"line":695,"column":4}}]},"34":{"line":707,"type":"if","locations":[{"start":{"line":707,"column":12},"end":{"line":707,"column":12}},{"start":{"line":707,"column":12},"end":{"line":707,"column":12}}]},"35":{"line":744,"type":"if","locations":[{"start":{"line":744,"column":12},"end":{"line":744,"column":12}},{"start":{"line":744,"column":12},"end":{"line":744,"column":12}}]},"36":{"line":769,"type":"if","locations":[{"start":{"line":769,"column":8},"end":{"line":769,"column":8}},{"start":{"line":769,"column":8},"end":{"line":769,"column":8}}]},"37":{"line":769,"type":"binary-expr","locations":[{"start":{"line":769,"column":12},"end":{"line":769,"column":31}},{"start":{"line":769,"column":35},"end":{"line":769,"column":47}}]},"38":{"line":778,"type":"if","locations":[{"start":{"line":778,"column":12},"end":{"line":778,"column":12}},{"start":{"line":778,"column":12},"end":{"line":778,"column":12}}]},"39":{"line":804,"type":"if","locations":[{"start":{"line":804,"column":8},"end":{"line":804,"column":8}},{"start":{"line":804,"column":8},"end":{"line":804,"column":8}}]},"40":{"line":813,"type":"if","locations":[{"start":{"line":813,"column":12},"end":{"line":813,"column":12}},{"start":{"line":813,"column":12},"end":{"line":813,"column":12}}]},"41":{"line":820,"type":"if","locations":[{"start":{"line":820,"column":16},"end":{"line":820,"column":16}},{"start":{"line":820,"column":16},"end":{"line":820,"column":16}}]}}},"c:\\Users\\garza\\Cloud-9-Leaderboard\\out\\src\\util\\Leaderboard.js":{"path":"c:\\Users\\garza\\Cloud-9-Leaderboard\\out\\src\\util\\Leaderboard.js","s":{"1":1,"2":1,"3":0,"4":0,"5":0,"6":1,"7":0,"8":0,"9":0,"10":1,"11":0,"12":0,"13":0,"14":1,"15":0,"16":0,"17":1,"18":1,"19":1,"20":1,"21":1,"22":1,"23":1,"24":1,"25":1,"26":1,"27":1,"28":1,"29":1,"30":0,"31":1,"32":1,"33":1,"34":1,"35":1,"36":1,"37":1,"38":0,"39":1,"40":1,"41":1,"42":1,"43":1,"44":1,"45":0,"46":1,"47":1,"48":1,"49":0,"50":0,"51":0,"52":0,"53":0,"54":0,"55":0,"56":0,"57":0,"58":0,"59":0,"60":0,"61":0,"62":0,"63":0,"64":0,"65":0,"66":0,"67":0,"68":1,"69":1,"70":0,"71":0,"72":0,"73":0,"74":0,"75":0,"76":0,"77":0,"78":0,"79":0,"80":0,"81":0,"82":0,"83":0,"84":0,"85":0,"86":0,"87":0,"88":0,"89":1,"90":1,"91":0,"92":0,"93":0,"94":0,"95":0,"96":0,"97":0,"98":0,"99":0,"100":0,"101":0,"102":0,"103":0,"104":0,"105":0,"106":0,"107":0,"108":0,"109":0,"110":0,"111":0,"112":0,"113":0,"114":0,"115":0,"116":0,"117":0,"118":0,"119":0,"120":0,"121":0,"122":0,"123":0,"124":0,"125":0,"126":0,"127":0,"128":0,"129":0,"130":0,"131":0,"132":0,"133":0,"134":0,"135":0,"136":0,"137":0,"138":0,"139":0,"140":0,"141":0,"142":0,"143":0,"144":0,"145":0,"146":0,"147":0,"148":0,"149":0,"150":0,"151":0,"152":0,"153":0,"154":0,"155":0,"156":0,"157":0,"158":0,"159":0,"160":0,"161":0,"162":0,"163":0,"164":0,"165":0,"166":0,"167":0,"168":0,"169":0,"170":0,"171":0,"172":0,"173":0,"174":0,"175":0,"176":0,"177":0,"178":0,"179":0,"180":0,"181":0,"182":0,"183":0,"184":0,"185":0,"186":0,"187":0,"188":0,"189":0,"190":0,"191":0,"192":0,"193":0,"194":0},"b":{"1":[1,1,1],"2":[0,0],"3":[0,0],"4":[0,0],"5":[0,0],"6":[1,0],"7":[1,0],"8":[1,0],"9":[0,0],"10":[0,0],"11":[0,0],"12":[0,0],"13":[0,0],"14":[0,0],"15":[0,0],"16":[0,0],"17":[0,0],"18":[0,0],"19":[0,0],"20":[0,0],"21":[0,0],"22":[0,0],"23":[0,0],"24":[0,0],"25":[0,0],"26":[0,0],"27":[0,0],"28":[0,0],"29":[0,0]},"f":{"1":0,"2":0,"3":0,"4":0,"5":0,"6":0,"7":0,"8":0,"9":1,"10":1,"11":1,"12":1,"13":0,"14":0,"15":0,"16":0,"17":0,"18":0,"19":0},"fnMap":{"1":{"name":"(anonymous_1)","line":12,"loc":{"start":{"line":12,"column":44},"end":{"line":12,"column":89}}},"2":{"name":"adopt","line":13,"loc":{"start":{"line":13,"column":4},"end":{"line":13,"column":26}}},"3":{"name":"(anonymous_3)","line":13,"loc":{"start":{"line":13,"column":70},"end":{"line":13,"column":89}}},"4":{"name":"(anonymous_4)","line":14,"loc":{"start":{"line":14,"column":36},"end":{"line":14,"column":63}}},"5":{"name":"fulfilled","line":15,"loc":{"start":{"line":15,"column":8},"end":{"line":15,"column":34}}},"6":{"name":"rejected","line":16,"loc":{"start":{"line":16,"column":8},"end":{"line":16,"column":33}}},"7":{"name":"step","line":17,"loc":{"start":{"line":17,"column":8},"end":{"line":17,"column":30}}},"8":{"name":"(anonymous_8)","line":33,"loc":{"start":{"line":33,"column":15},"end":{"line":33,"column":18}}},"9":{"name":"(anonymous_9)","line":39,"loc":{"start":{"line":39,"column":18},"end":{"line":39,"column":36}}},"10":{"name":"(anonymous_10)","line":53,"loc":{"start":{"line":53,"column":19},"end":{"line":53,"column":22}}},"11":{"name":"getLeaderboardFile","line":61,"loc":{"start":{"line":61,"column":0},"end":{"line":61,"column":30}}},"12":{"name":"getTeamLeaderboardFile","line":75,"loc":{"start":{"line":75,"column":0},"end":{"line":75,"column":34}}},"13":{"name":"displayLeaderboard","line":89,"loc":{"start":{"line":89,"column":0},"end":{"line":89,"column":30}}},"14":{"name":"(anonymous_14)","line":90,"loc":{"start":{"line":90,"column":43},"end":{"line":90,"column":56}}},"15":{"name":"displayTeamLeaderboard","line":135,"loc":{"start":{"line":135,"column":0},"end":{"line":135,"column":34}}},"16":{"name":"(anonymous_16)","line":136,"loc":{"start":{"line":136,"column":43},"end":{"line":136,"column":56}}},"17":{"name":"writeToFile","line":182,"loc":{"start":{"line":182,"column":0},"end":{"line":182,"column":36}}},"18":{"name":"(anonymous_18)","line":183,"loc":{"start":{"line":183,"column":43},"end":{"line":183,"column":56}}},"19":{"name":"(anonymous_19)","line":221,"loc":{"start":{"line":221,"column":22},"end":{"line":221,"column":38}}}},"statementMap":{"1":{"start":{"line":12,"column":0},"end":{"line":20,"column":2}},"2":{"start":{"line":13,"column":4},"end":{"line":13,"column":112}},"3":{"start":{"line":13,"column":28},"end":{"line":13,"column":110}},"4":{"start":{"line":13,"column":91},"end":{"line":13,"column":106}},"5":{"start":{"line":14,"column":4},"end":{"line":19,"column":7}},"6":{"start":{"line":15,"column":8},"end":{"line":15,"column":99}},"7":{"start":{"line":15,"column":36},"end":{"line":15,"column":97}},"8":{"start":{"line":15,"column":42},"end":{"line":15,"column":70}},"9":{"start":{"line":15,"column":85},"end":{"line":15,"column":95}},"10":{"start":{"line":16,"column":8},"end":{"line":16,"column":102}},"11":{"start":{"line":16,"column":35},"end":{"line":16,"column":100}},"12":{"start":{"line":16,"column":41},"end":{"line":16,"column":73}},"13":{"start":{"line":16,"column":88},"end":{"line":16,"column":98}},"14":{"start":{"line":17,"column":8},"end":{"line":17,"column":118}},"15":{"start":{"line":17,"column":32},"end":{"line":17,"column":116}},"16":{"start":{"line":18,"column":8},"end":{"line":18,"column":78}},"17":{"start":{"line":21,"column":0},"end":{"line":21,"column":62}},"18":{"start":{"line":22,"column":0},"end":{"line":22,"column":153}},"19":{"start":{"line":23,"column":0},"end":{"line":23,"column":35}},"20":{"start":{"line":24,"column":0},"end":{"line":24,"column":41}},"21":{"start":{"line":25,"column":0},"end":{"line":25,"column":43}},"22":{"start":{"line":26,"column":0},"end":{"line":26,"column":53}},"23":{"start":{"line":27,"column":0},"end":{"line":27,"column":43}},"24":{"start":{"line":28,"column":0},"end":{"line":28,"column":25}},"25":{"start":{"line":40,"column":8},"end":{"line":42,"column":9}},"26":{"start":{"line":41,"column":12},"end":{"line":41,"column":35}},"27":{"start":{"line":43,"column":8},"end":{"line":43,"column":32}},"28":{"start":{"line":44,"column":8},"end":{"line":44,"column":28}},"29":{"start":{"line":45,"column":8},"end":{"line":47,"column":9}},"30":{"start":{"line":46,"column":12},"end":{"line":46,"column":32}},"31":{"start":{"line":48,"column":8},"end":{"line":48,"column":37}},"32":{"start":{"line":54,"column":8},"end":{"line":54,"column":33}},"33":{"start":{"line":57,"column":0},"end":{"line":57,"column":34}},"34":{"start":{"line":61,"column":0},"end":{"line":70,"column":1}},"35":{"start":{"line":62,"column":4},"end":{"line":62,"column":43}},"36":{"start":{"line":63,"column":4},"end":{"line":68,"column":5}},"37":{"start":{"line":64,"column":8},"end":{"line":64,"column":40}},"38":{"start":{"line":67,"column":8},"end":{"line":67,"column":39}},"39":{"start":{"line":69,"column":4},"end":{"line":69,"column":20}},"40":{"start":{"line":71,"column":0},"end":{"line":71,"column":48}},"41":{"start":{"line":75,"column":0},"end":{"line":84,"column":1}},"42":{"start":{"line":76,"column":4},"end":{"line":76,"column":43}},"43":{"start":{"line":77,"column":4},"end":{"line":82,"column":5}},"44":{"start":{"line":78,"column":8},"end":{"line":78,"column":45}},"45":{"start":{"line":81,"column":8},"end":{"line":81,"column":44}},"46":{"start":{"line":83,"column":4},"end":{"line":83,"column":20}},"47":{"start":{"line":85,"column":0},"end":{"line":85,"column":56}},"48":{"start":{"line":89,"column":0},"end":{"line":129,"column":1}},"49":{"start":{"line":90,"column":4},"end":{"line":128,"column":7}},"50":{"start":{"line":92,"column":8},"end":{"line":97,"column":11}},"51":{"start":{"line":93,"column":12},"end":{"line":96,"column":13}},"52":{"start":{"line":94,"column":16},"end":{"line":94,"column":81}},"53":{"start":{"line":95,"column":16},"end":{"line":95,"column":23}},"54":{"start":{"line":100,"column":8},"end":{"line":100,"column":60}},"55":{"start":{"line":101,"column":8},"end":{"line":101,"column":44}},"56":{"start":{"line":102,"column":8},"end":{"line":121,"column":9}},"57":{"start":{"line":103,"column":12},"end":{"line":117,"column":13}},"58":{"start":{"line":104,"column":16},"end":{"line":104,"column":46}},"59":{"start":{"line":105,"column":16},"end":{"line":113,"column":19}},"60":{"start":{"line":107,"column":20},"end":{"line":110,"column":21}},"61":{"start":{"line":108,"column":24},"end":{"line":108,"column":62}},"62":{"start":{"line":109,"column":24},"end":{"line":109,"column":34}},"63":{"start":{"line":112,"column":20},"end":{"line":112,"column":56}},"64":{"start":{"line":116,"column":16},"end":{"line":116,"column":42}},"65":{"start":{"line":120,"column":12},"end":{"line":120,"column":31}},"66":{"start":{"line":122,"column":8},"end":{"line":127,"column":11}},"67":{"start":{"line":124,"column":12},"end":{"line":126,"column":15}},"68":{"start":{"line":130,"column":0},"end":{"line":130,"column":48}},"69":{"start":{"line":135,"column":0},"end":{"line":175,"column":1}},"70":{"start":{"line":136,"column":4},"end":{"line":174,"column":7}},"71":{"start":{"line":138,"column":8},"end":{"line":143,"column":11}},"72":{"start":{"line":139,"column":12},"end":{"line":142,"column":13}},"73":{"start":{"line":140,"column":16},"end":{"line":140,"column":81}},"74":{"start":{"line":141,"column":16},"end":{"line":141,"column":23}},"75":{"start":{"line":146,"column":8},"end":{"line":146,"column":63}},"76":{"start":{"line":147,"column":8},"end":{"line":147,"column":48}},"77":{"start":{"line":148,"column":8},"end":{"line":167,"column":9}},"78":{"start":{"line":149,"column":12},"end":{"line":163,"column":13}},"79":{"start":{"line":150,"column":16},"end":{"line":150,"column":46}},"80":{"start":{"line":151,"column":16},"end":{"line":159,"column":19}},"81":{"start":{"line":153,"column":20},"end":{"line":156,"column":21}},"82":{"start":{"line":154,"column":24},"end":{"line":154,"column":62}},"83":{"start":{"line":155,"column":24},"end":{"line":155,"column":34}},"84":{"start":{"line":158,"column":20},"end":{"line":158,"column":56}},"85":{"start":{"line":162,"column":16},"end":{"line":162,"column":42}},"86":{"start":{"line":166,"column":12},"end":{"line":166,"column":31}},"87":{"start":{"line":168,"column":8},"end":{"line":173,"column":11}},"88":{"start":{"line":170,"column":12},"end":{"line":172,"column":15}},"89":{"start":{"line":176,"column":0},"end":{"line":176,"column":56}},"90":{"start":{"line":182,"column":0},"end":{"line":377,"column":1}},"91":{"start":{"line":183,"column":4},"end":{"line":376,"column":7}},"92":{"start":{"line":184,"column":8},"end":{"line":184,"column":28}},"93":{"start":{"line":185,"column":8},"end":{"line":185,"column":34}},"94":{"start":{"line":186,"column":8},"end":{"line":191,"column":9}},"95":{"start":{"line":187,"column":12},"end":{"line":187,"column":55}},"96":{"start":{"line":190,"column":12},"end":{"line":190,"column":51}},"97":{"start":{"line":192,"column":8},"end":{"line":192,"column":59}},"98":{"start":{"line":193,"column":8},"end":{"line":193,"column":81}},"99":{"start":{"line":194,"column":8},"end":{"line":194,"column":36}},"100":{"start":{"line":195,"column":8},"end":{"line":195,"column":60}},"101":{"start":{"line":196,"column":8},"end":{"line":196,"column":60}},"102":{"start":{"line":197,"column":8},"end":{"line":197,"column":60}},"103":{"start":{"line":198,"column":8},"end":{"line":198,"column":60}},"104":{"start":{"line":199,"column":8},"end":{"line":199,"column":60}},"105":{"start":{"line":200,"column":8},"end":{"line":200,"column":35}},"106":{"start":{"line":206,"column":8},"end":{"line":206,"column":26}},"107":{"start":{"line":207,"column":8},"end":{"line":220,"column":11}},"108":{"start":{"line":208,"column":12},"end":{"line":208,"column":25}},"109":{"start":{"line":209,"column":12},"end":{"line":209,"column":33}},"110":{"start":{"line":210,"column":12},"end":{"line":210,"column":32}},"111":{"start":{"line":211,"column":12},"end":{"line":211,"column":39}},"112":{"start":{"line":212,"column":12},"end":{"line":212,"column":56}},"113":{"start":{"line":213,"column":12},"end":{"line":213,"column":60}},"114":{"start":{"line":214,"column":12},"end":{"line":214,"column":60}},"115":{"start":{"line":215,"column":12},"end":{"line":215,"column":63}},"116":{"start":{"line":216,"column":12},"end":{"line":216,"column":67}},"117":{"start":{"line":217,"column":12},"end":{"line":217,"column":67}},"118":{"start":{"line":218,"column":12},"end":{"line":218,"column":75}},"119":{"start":{"line":219,"column":12},"end":{"line":219,"column":31}},"120":{"start":{"line":221,"column":8},"end":{"line":223,"column":11}},"121":{"start":{"line":222,"column":12},"end":{"line":222,"column":37}},"122":{"start":{"line":224,"column":8},"end":{"line":224,"column":29}},"123":{"start":{"line":225,"column":8},"end":{"line":225,"column":26}},"124":{"start":{"line":226,"column":8},"end":{"line":226,"column":26}},"125":{"start":{"line":227,"column":8},"end":{"line":291,"column":11}},"126":{"start":{"line":228,"column":12},"end":{"line":228,"column":39}},"127":{"start":{"line":229,"column":12},"end":{"line":229,"column":47}},"128":{"start":{"line":230,"column":12},"end":{"line":241,"column":13}},"129":{"start":{"line":231,"column":16},"end":{"line":231,"column":53}},"130":{"start":{"line":233,"column":17},"end":{"line":241,"column":13}},"131":{"start":{"line":234,"column":16},"end":{"line":234,"column":53}},"132":{"start":{"line":236,"column":17},"end":{"line":241,"column":13}},"133":{"start":{"line":237,"column":16},"end":{"line":237,"column":53}},"134":{"start":{"line":240,"column":16},"end":{"line":240,"column":40}},"135":{"start":{"line":242,"column":12},"end":{"line":242,"column":28}},"136":{"start":{"line":243,"column":12},"end":{"line":262,"column":13}},"137":{"start":{"line":244,"column":16},"end":{"line":246,"column":17}},"138":{"start":{"line":245,"column":20},"end":{"line":245,"column":66}},"139":{"start":{"line":247,"column":16},"end":{"line":249,"column":17}},"140":{"start":{"line":248,"column":20},"end":{"line":248,"column":66}},"141":{"start":{"line":250,"column":16},"end":{"line":252,"column":17}},"142":{"start":{"line":251,"column":20},"end":{"line":251,"column":66}},"143":{"start":{"line":253,"column":16},"end":{"line":255,"column":17}},"144":{"start":{"line":254,"column":20},"end":{"line":254,"column":66}},"145":{"start":{"line":256,"column":16},"end":{"line":258,"column":17}},"146":{"start":{"line":257,"column":20},"end":{"line":257,"column":66}},"147":{"start":{"line":259,"column":16},"end":{"line":261,"column":17}},"148":{"start":{"line":260,"column":20},"end":{"line":260,"column":66}},"149":{"start":{"line":263,"column":12},"end":{"line":263,"column":57}},"150":{"start":{"line":264,"column":12},"end":{"line":264,"column":47}},"151":{"start":{"line":265,"column":12},"end":{"line":265,"column":30}},"152":{"start":{"line":266,"column":12},"end":{"line":290,"column":13}},
[...]
:1,"11":0,"12":0,"13":0,"14":1,"15":0,"16":0,"17":1,"18":1,"19":1,"20":1,"21":1,"22":1,"23":1,"24":1,"25":1,"26":1,"27":0,"28":0,"29":0,"30":0,"31":0,"32":0,"33":0,"34":0,"35":0,"36":0,"37":0,"38":0,"39":0,"40":0,"41":0,"42":0,"43":0,"44":0,"45":0,"46":0,"47":0,"48":0,"49":0,"50":0,"51":0,"52":0,"53":0,"54":0,"55":0,"56":0,"57":0,"58":0,"59":0,"60":0,"61":0,"62":0,"63":0,"64":0,"65":0,"66":0,"67":0,"68":1,"69":2,"70":2,"71":2,"72":2,"73":1,"74":1,"75":0,"76":0,"77":0,"78":0,"79":0,"80":0,"81":1,"82":0,"83":0,"84":0,"85":0,"86":0,"87":0,"88":0,"89":0,"90":0,"91":0,"92":0,"93":0,"94":0,"95":0,"96":0,"97":0,"98":0,"99":0,"100":0,"101":0,"102":0,"103":0,"104":0,"105":0,"106":0,"107":0,"108":0,"109":0,"110":0,"111":0,"112":0,"113":0,"114":0,"115":0,"116":0,"117":0,"118":0,"119":0,"120":0,"121":0,"122":0,"123":0,"124":0,"125":0,"126":0,"127":0,"128":0},"b":{"1":[1,1,1],"2":[0,0],"3":[0,0],"4":[0,0],"5":[0,0],"6":[0,0],"7":[0,0],"8":[0,0],"9":[0,0],"10":[0,0],"11":[0,0],"12":[0,0],"13":[0,0],"14":[0,0],"15":[0,0],"16":[0,0],"17":[1,1],"18":[0,0],"19":[0,0],"20":[0,0],"21":[0,0],"22":[0,0],"23":[0,0],"24":[0,0],"25":[0,0],"26":[0,0],"27":[0,0],"28":[0,0],"29":[0,0],"30":[0,0],"31":[0,0],"32":[0,0]},"f":{"1":0,"2":0,"3":0,"4":0,"5":0,"6":0,"7":0,"8":1,"9":0,"10":0,"11":0,"12":0,"13":2,"14":0},"fnMap":{"1":{"name":"(anonymous_1)","line":11,"loc":{"start":{"line":11,"column":44},"end":{"line":11,"column":89}}},"2":{"name":"adopt","line":12,"loc":{"start":{"line":12,"column":4},"end":{"line":12,"column":26}}},"3":{"name":"(anonymous_3)","line":12,"loc":{"start":{"line":12,"column":70},"end":{"line":12,"column":89}}},"4":{"name":"(anonymous_4)","line":13,"loc":{"start":{"line":13,"column":36},"end":{"line":13,"column":63}}},"5":{"name":"fulfilled","line":14,"loc":{"start":{"line":14,"column":8},"end":{"line":14,"column":34}}},"6":{"name":"rejected","line":15,"loc":{"start":{"line":15,"column":8},"end":{"line":15,"column":33}}},"7":{"name":"step","line":16,"loc":{"start":{"line":16,"column":8},"end":{"line":16,"column":30}}},"8":{"name":"(anonymous_8)","line":33,"loc":{"start":{"line":33,"column":15},"end":{"line":33,"column":18}}},"9":{"name":"(anonymous_9)","line":66,"loc":{"start":{"line":66,"column":11},"end":{"line":66,"column":14}}},"10":{"name":"(anonymous_10)","line":120,"loc":{"start":{"line":120,"column":12},"end":{"line":120,"column":27}}},"11":{"name":"(anonymous_11)","line":128,"loc":{"start":{"line":128,"column":15},"end":{"line":128,"column":22}}},"12":{"name":"(anonymous_12)","line":139,"loc":{"start":{"line":139,"column":15},"end":{"line":139,"column":22}}},"13":{"name":"(anonymous_13)","line":155,"loc":{"start":{"line":155,"column":15},"end":{"line":155,"column":53}}},"14":{"name":"(anonymous_14)","line":171,"loc":{"start":{"line":171,"column":103},"end":{"line":171,"column":116}}}},"statementMap":{"1":{"start":{"line":11,"column":0},"end":{"line":19,"column":2}},"2":{"start":{"line":12,"column":4},"end":{"line":12,"column":112}},"3":{"start":{"line":12,"column":28},"end":{"line":12,"column":110}},"4":{"start":{"line":12,"column":91},"end":{"line":12,"column":106}},"5":{"start":{"line":13,"column":4},"end":{"line":18,"column":7}},"6":{"start":{"line":14,"column":8},"end":{"line":14,"column":99}},"7":{"start":{"line":14,"column":36},"end":{"line":14,"column":97}},"8":{"start":{"line":14,"column":42},"end":{"line":14,"column":70}},"9":{"start":{"line":14,"column":85},"end":{"line":14,"column":95}},"10":{"start":{"line":15,"column":8},"end":{"line":15,"column":102}},"11":{"start":{"line":15,"column":35},"end":{"line":15,"column":100}},"12":{"start":{"line":15,"column":41},"end":{"line":15,"column":73}},"13":{"start":{"line":15,"column":88},"end":{"line":15,"column":98}},"14":{"start":{"line":16,"column":8},"end":{"line":16,"column":118}},"15":{"start":{"line":16,"column":32},"end":{"line":16,"column":116}},"16":{"start":{"line":17,"column":8},"end":{"line":17,"column":78}},"17":{"start":{"line":20,"column":0},"end":{"line":20,"column":62}},"18":{"start":{"line":21,"column":0},"end":{"line":21,"column":137}},"19":{"start":{"line":22,"column":0},"end":{"line":22,"column":35}},"20":{"start":{"line":23,"column":0},"end":{"line":23,"column":53}},"21":{"start":{"line":24,"column":0},"end":{"line":24,"column":43}},"22":{"start":{"line":25,"column":0},"end":{"line":25,"column":43}},"23":{"start":{"line":34,"column":8},"end":{"line":34,"column":64}},"24":{"start":{"line":35,"column":8},"end":{"line":36,"column":40}},"25":{"start":{"line":37,"column":8},"end":{"line":37,"column":59}},"26":{"start":{"line":38,"column":8},"end":{"line":61,"column":9}},"27":{"start":{"line":39,"column":12},"end":{"line":39,"column":53}},"28":{"start":{"line":40,"column":12},"end":{"line":42,"column":15}},"29":{"start":{"line":43,"column":12},"end":{"line":43,"column":51}},"30":{"start":{"line":44,"column":12},"end":{"line":47,"column":14}},"31":{"start":{"line":50,"column":12},"end":{"line":50,"column":86}},"32":{"start":{"line":51,"column":12},"end":{"line":60,"column":13}},"33":{"start":{"line":52,"column":16},"end":{"line":54,"column":18}},"34":{"start":{"line":57,"column":16},"end":{"line":59,"column":18}},"35":{"start":{"line":67,"column":8},"end":{"line":67,"column":59}},"36":{"start":{"line":68,"column":8},"end":{"line":68,"column":95}},"37":{"start":{"line":69,"column":8},"end":{"line":113,"column":9}},"38":{"start":{"line":70,"column":12},"end":{"line":70,"column":86}},"39":{"start":{"line":71,"column":12},"end":{"line":80,"column":13}},"40":{"start":{"line":72,"column":16},"end":{"line":74,"column":18}},"41":{"start":{"line":77,"column":16},"end":{"line":79,"column":18}},"42":{"start":{"line":83,"column":12},"end":{"line":83,"column":63}},"43":{"start":{"line":84,"column":12},"end":{"line":84,"column":95}},"44":{"start":{"line":85,"column":12},"end":{"line":85,"column":38}},"45":{"start":{"line":86,"column":12},"end":{"line":90,"column":13}},"46":{"start":{"line":87,"column":16},"end":{"line":89,"column":17}},"47":{"start":{"line":88,"column":20},"end":{"line":88,"column":75}},"48":{"start":{"line":91,"column":12},"end":{"line":93,"column":13}},"49":{"start":{"line":92,"column":16},"end":{"line":92,"column":83}},"50":{"start":{"line":94,"column":12},"end":{"line":94,"column":44}},"51":{"start":{"line":95,"column":12},"end":{"line":95,"column":53}},"52":{"start":{"line":96,"column":12},"end":{"line":101,"column":13}},"53":{"start":{"line":97,"column":16},"end":{"line":100,"column":17}},"54":{"start":{"line":98,"column":20},"end":{"line":98,"column":78}},"55":{"start":{"line":99,"column":20},"end":{"line":99,"column":65}},"56":{"start":{"line":102,"column":12},"end":{"line":104,"column":13}},"57":{"start":{"line":103,"column":16},"end":{"line":103,"column":89}},"58":{"start":{"line":105,"column":12},"end":{"line":105,"column":105}},"59":{"start":{"line":106,"column":12},"end":{"line":108,"column":13}},"60":{"start":{"line":107,"column":16},"end":{"line":107,"column":43}},"61":{"start":{"line":109,"column":12},"end":{"line":112,"column":14}},"62":{"start":{"line":114,"column":8},"end":{"line":114,"column":45}},"63":{"start":{"line":121,"column":8},"end":{"line":121,"column":33}},"64":{"start":{"line":129,"column":8},"end":{"line":131,"column":9}},"65":{"start":{"line":130,"column":12},"end":{"line":130,"column":29}},"66":{"start":{"line":132,"column":8},"end":{"line":132,"column":29}},"67":{"start":{"line":140,"column":8},"end":{"line":140,"column":20}},"68":{"start":{"line":143,"column":0},"end":{"line":143,"column":48}},"69":{"start":{"line":156,"column":8},"end":{"line":158,"column":59}},"70":{"start":{"line":159,"column":8},"end":{"line":159,"column":33}},"71":{"start":{"line":160,"column":8},"end":{"line":160,"column":29}},"72":{"start":{"line":161,"column":8},"end":{"line":161,"column":37}},"73":{"start":{"line":164,"column":0},"end":{"line":164,"column":32}},"74":{"start":{"line":170,"column":0},"end":{"line":178,"column":2}},"75":{"start":{"line":171,"column":4},"end":{"line":177,"column":9}},"76":{"start":{"line":171,"column":69},"end":{"line":177,"column":6}},"77":{"start":{"line":172,"column":8},"end":{"line":174,"column":9}},"78":{"start":{"line":173,"column":12},"end":{"line":173,"column":19}},"79":{"start":{"line":175,"column":8},"end":{"line":175,"column":36}},"80":{"start":{"line":176,"column":8},"end":{"line":176,"column":60}},"81":{"start":{"line":184,"column":0},"end":{"line":262,"column":2}},"82":{"start":{"line":185,"column":4},"end":{"line":185,"column":55}},"83":{"start":{"line":186,"column":4},"end":{"line":186,"column":87}},"84":{"start":{"line":187,"column":4},"end":{"line":261,"column":5}},"85":{"start":{"line":188,"column":8},"end":{"line":199,"column":9}},"86":{"start":{"line":189,"column":12},"end":{"line":189,"column":47}},"87":{"start":{"line":190,"column":12},"end":{"line":192,"column":15}},"88":{"start":{"line":193,"column":12},"end":{"line":193,"column":39}},"89":{"start":{"line":194,"column":12},"end":{"line":197,"column":14}},"90":{"start":{"line":198,"column":12},"end":{"line":198,"column":72}},"91":{"start":{"line":201,"column":9},"end":{"line":261,"column":5}},"92":{"start":{"line":202,"column":8},"end":{"line":213,"column":9}},"93":{"start":{"line":203,"column":12},"end":{"line":203,"column":31}},"94":{"start":{"line":204,"column":12},"end":{"line":208,"column":13}},"95":{"start":{"line":205,"column":16},"end":{"line":207,"column":20}},"96":{"start":{"line":209,"column":12},"end":{"line":211,"column":13}},"97":{"start":{"line":210,"column":16},"end":{"line":210,"column":86}},"98":{"start":{"line":212,"column":12},"end":{"line":212,"column":72}},"99":{"start":{"line":215,"column":9},"end":{"line":261,"column":5}},"100":{"start":{"line":216,"column":8},"end":{"line":222,"column":9}},"101":{"start":{"line":217,"column":12},"end":{"line":217,"column":31}},"102":{"start":{"line":218,"column":12},"end":{"line":220,"column":13}},"103":{"start":{"line":219,"column":16},"end":{"line":219,"column":68}},"104":{"start":{"line":221,"column":12},"end":{"line":221,"column":72}},"105":{"start":{"line":224,"column":9},"end":{"line":261,"column":5}},"106":{"start":{"line":225,"column":8},"end":{"line":234,"column":9}},"107":{"start":{"line":226,"column":12},"end":{"line":226,"column":31}},"108":{"start":{"line":227,"column":12},"end":{"line":229,"column":13}},"109":{"start":{"line":228,"column":16},"end":{"line":228,"column":82}},"110":{"start":{"line":230,"column":12},"end":{"line":232,"column":13}},"111":{"start":{"line":231,"column":16},"end":{"line":231,"column":86}},"112":{"start":{"line":233,"column":12},"end":{"line":233,"column":72}},"113":{"start":{"line":236,"column":9},"end":{"line":261,"column":5}},"114":{"start":{"line":237,"column":8},"end":{"line":260,"column":9}},"115":{"start":{"line":238,"column":12},"end":{"line":238,"column":63}},"116":{"start":{"line":239,"column":12},"end":{"line":259,"column":15}},"117":{"start":{"line":242,"column":16},"end":{"line":258,"column":17}},"118":{"start":{"line":243,"column":20},"end":{"line":243,"column":67}},"119":{"start":{"line":244,"column":20},"end":{"line":244,"column":50}},"120":{"start":{"line":245,"column":20},"end":{"line":245,"column":94}},"121":{"start":{"line":246,"column":20},"end":{"line":254,"column":23}},"122":{"start":{"line":247,"column":24},"end":{"line":247,"column":110}},"123":{"start":{"line":248,"column":24},"end":{"line":248,"column":50}},"124":{"start":{"line":249,"column":24},"end":{"line":251,"column":25}},"125":{"start":{"line":250,"column":28},"end":{"line":250,"column":94}},"126":{"start":{"line":252,"column":24},"end":{"line":252,"column":84}},"127":{"start":{"line":253,"column":24},"end":{"line":253,"column":86}},"128":{"start":{"line":257,"column":20},"end":{"line":257,"column":79}}},"branchMap":{"1":{"line":11,"type":"binary-expr","locations":[{"start":{"line":11,"column":17},"end":{"line":11,"column":21}},{"start":{"line":11,"column":25},"end":{"line":11,"column":39}},{"start":{"line":11,"column":44},"end":{"line":19,"column":1}}]},"2":{"line":12,"type":"cond-expr","locations":[{"start":{"line":12,"column":56},"end":{"line":12,"column":61}},{"start":{"line":12,"column":64},"end":{"line":12,"column":109}}]},"3":{"line":13,"type":"binary-expr","locations":[{"start":{"line":13,"column":16},"end":{"line":13,"column":17}},{"start":{"line":13,"column":22},"end":{"line":13,"column":33}}]},"4":{"line":16,"type":"cond-expr","locations":[{"start":{"line":16,"column":46},"end":{"line":16,"column":67}},{"start":{"line":16,"column":70},"end":{"line":16,"column":115}}]},"5":{"line":17,"type":"binary-expr","locations":[{"start":{"line":17,"column":51},"end":{"line":17,"column":61}},{"start":{"line":17,"column":65},"end":{"line":17,"column":67}}]},"6":{"line":38,"type":"if","locations":[{"start":{"line":38,"column":8},"end":{"line":38,"column":8}},{"start":{"line":38,"column":8},"end":{"line":38,"column":8}}]},"7":{"line":51,"type":"if","locations":[{"start":{"line":51,"column":12},"end":{"line":51,"column":12}},{"start":{"line":51,"column":12},"end":{"line":51,"column":12}}]},"8":{"line":51,"type":"binary-expr","locations":[{"start":{"line":51,"column":16},"end":{"line":51,"column":35}},{"start":{"line":51,"column":39},"end":{"line":51,"column":51}}]},"9":{"line":69,"type":"if","locations":[{"start":{"line":69,"column":8},"end":{"line":69,"column":8}},{"start":{"line":69,"column":8},"end":{"line":69,"column":8}}]},"10":{"line":71,"type":"if","locations":[{"start":{"line":71,"column":12},"end":{"line":71,"column":12}},{"start":{"line":71,"column":12},"end":{"line":71,"column":12}}]},"11":{"line":71,"type":"binary-expr","locations":[{"start":{"line":71,"column":16},"end":{"line":71,"column":35}},{"start":{"line":71,"column":39},"end":{"line":71,"column":51}}]},"12":{"line":86,"type":"if","locations":[{"start":{"line":86,"column":12},"end":{"line":86,"column":12}},{"start":{"line":86,"column":12},"end":{"line":86,"column":12}}]},"13":{"line":91,"type":"if","locations":[{"start":{"line":91,"column":12},"end":{"line":91,"column":12}},{"start":{"line":91,"column":12},"end":{"line":91,"column":12}}]},"14":{"line":96,"type":"if","locations":[{"start":{"line":96,"column":12},"end":{"line":96,"column":12}},{"start":{"line":96,"column":12},"end":{"line":96,"column":12}}]},"15":{"line":102,"type":"if","locations":[{"start":{"line":102,"column":12},"end":{"line":102,"column":12}},{"start":{"line":102,"column":12},"end":{"line":102,"column":12}}]},"16":{"line":129,"type":"if","locations":[{"start":{"line":129,"column":8},"end":{"line":129,"column":8}},{"start":{"line":129,"column":8},"end":{"line":129,"column":8}}]},"17":{"line":156,"type":"cond-expr","locations":[{"start":{"line":157,"column":14},"end":{"line":157,"column":52}},{"start":{"line":158,"column":14},"end":{"line":158,"column":57}}]},"18":{"line":172,"type":"if","locations":[{"start":{"line":172,"column":8},"end":{"line":172,"column":8}},{"start":{"line":172,"column":8},"end":{"line":172,"column":8}}]},"19":{"line":172,"type":"binary-expr","locations":[{"start":{"line":172,"column":12},"end":{"line":172,"column":24}},{"start":{"line":172,"column":28},"end":{"line":172,"column":52}}]},"20":{"line":187,"type":"if","locations":[{"start":{"line":187,"column":4},"end":{"line":187,"column":4}},{"start":{"line":187,"column":4},"end":{"line":187,"column":4}}]},"21":{"line":188,"type":"if","locations":[{"start":{"line":188,"column":8},"end":{"line":188,"column":8}},{"start":{"line":188,"column":8},"end":{"line":188,"column":8}}]},"22":{"line":201,"type":"if","locations":[{"start":{"line":201,"column":9},"end":{"line":201,"column":9}},{"start":{"line":201,"column":9},"end":{"line":201,"column":9}}]},"23":{"line":202,"type":"if","locations":[{"start":{"line":202,"column":8},"end":{"line":202,"column":8}},{"start":{"line":202,"column":8},"end":{"line":202,"column":8}}]},"24":{"line":209,"type":"if","locations":[{"start":{"line":209,"column":12},"end":{"line":209,"column":12}},{"start":{"line":209,"column":12},"end":{"line":209,"column":12}}]},"25":{"line":215,"type":"if","locations":[{"start":{"line":215,"column":9},"end":{"line":215,"column":9}},{"start":{"line":215,"column":9},"end":{"line":215,"column":9}}]},"26":{"line":216,"type":"if","locations":[{"start":{"line":216,"column":8},"end":{"line":216,"column":8}},{"start":{"line":216,"column":8},"end":{"line":216,"column":8}}]},"27":{"line":224,"type":"if","locations":[{"start":{"line":224,"column":9},"end":{"line":224,"column":9}},{"start":{"line":224,"column":9},"end":{"line":224,"column":9}}]},"28":{"line":225,"type":"if","locations":[{"start":{"line":225,"column":8},"end":{"line":225,"column":8}},{"start":{"line":225,"column":8},"end":{"line":225,"column":8}}]},"29":{"line":230,"type":"if","locations":[{"start":{"line":230,"column":12},"end":{"line":230,"column":12}},{"start":{"line":230,"column":12},"end":{"line":230,"column":12}}]},"30":{"line":236,"type":"if","locations":[{"start":{"line":236,"column":9},"end":{"line":236,"column":9}},{"start":{"line":236,"column":9},"end":{"line":236,"column":9}}]},"31":{"line":237,"type":"if","locations":[{"start":{"line":237,"column":8},"end":{"line":237,"column":8}},{"start":{"line":237,"column":8},"end":{"line":237,"column":8}}]},"32":{"line":242,"type":"if","locations":[{"start":{"line":242,"column":16},"end":{"line":242,"column":16}},{"start":{"line":242,"column":16},"end":{"line":242,"column":16}}]}}},"c:\\Users\\garza\\Cloud-9-Leaderboard\\out\\src\\util\\TaskProvier.js":{"path":"c:\\Users\\garza\\Cloud-9-Leaderboard\\out\\src\\util\\TaskProvier.js","s":{"1":0,"2":0,"3":0,"4":0,"5":0,"6":0,"7":0,"8":0,"9":0,"10":0,"11":0,"12":0,"13":0,"14":0,"15":0,"16":0,"17":0,"18":0,"19":0},"b":{"1":[0,0],"2":[0,0]},"f":{"1":0,"2":0,"3":0,"4":0,"5":0},"fnMap":{"1":{"name":"(anonymous_1)","line":6,"loc":{"start":{"line":6,"column":15},"end":{"line":6,"column":19}}},"2":{"name":"(anonymous_2)","line":15,"loc":{"start":{"line":15,"column":15},"end":{"line":15,"column":22}}},"3":{"name":"(anonymous_3)","line":21,"loc":{"start":{"line":21,"column":15},"end":{"line":21,"column":22}}},"4":{"name":"(anonymous_4)","line":27,"loc":{"start":{"line":27,"column":15},"end":{"line":27,"column":33}}},"5":{"name":"constructDailyMetricData","line":34,"loc":{"start":{"line":34,"column":0},"end":{"line":34,"column":45}}}},"statementMap":{"1":{"start":{"line":2,"column":0},"end":{"line":2,"column":62}},"2":{"start":{"line":3,"column":0},"end":{"line":3,"column":76}},"3":{"start":{"line":4,"column":0},"end":{"line":4,"column":35}},"4":{"start":{"line":7,"column":8},"end":{"line":7,"column":23}},"5":{"start":{"line":8,"column":8},"end":{"line":8,"column":23}},"6":{"start":{"line":9,"column":8},"end":{"line":9,"column":26}},"7":{"start":{"line":10,"column":8},"end":{"line":12,"column":9}},"8":{"start":{"line":11,"column":12},"end":{"line":11,"column":88}},"9":{"start":{"line":13,"column":8},"end":{"line":13,"column":29}},"10":{"start":{"line":16,"column":8},"end":{"line":18,"column":9}},"11":{"start":{"line":17,"column":12},"end":{"line":17,"column":29}},"12":{"start":{"line":19,"column":8},"end":{"line":19,"column":29}},"13":{"start":{"line":22,"column":8},"end":{"line":22,"column":20}},"14":{"start":{"line":25,"column":0},"end":{"line":25,"column":58}},"15":{"start":{"line":28,"column":8},"end":{"line":30,"column":58}},"16":{"start":{"line":31,"column":8},"end":{"line":31,"column":33}},"17":{"start":{"line":34,"column":0},"end":{"line":36,"column":1}},"18":{"start":{"line":35,"column":4},"end":{"line":35,"column":95}},"19":{"start":{"line":37,"column":0},"end":{"line":37,"column":60}}},"branchMap":{"1":{"line":16,"type":"if","locations":[{"start":{"line":16,"column":8},"end":{"line":16,"column":8}},{"start":{"line":16,"column":8},"end":{"line":16,"column":8}}]},"2":{"line":28,"type":"cond-expr","locations":[{"start":{"line":29,"column":14},"end":{"line":29,"column":52}},{"start":{"line":30,"column":14},"end":{"line":30,"column":56}}]}}}}