TN:
SF:..\..\src\util\Utility.ts
FN:21,generateRandomName
FNF:1
FNH:1
FNDA:1,generateRandomName
DA:11,1
DA:21,2
DA:22,1
DA:25,1
LF:4
LH:4
BRF:0
BRH:0
end_of_record
TN:
SF:..\..\src\util\Authentication.ts
FN:40,storeExtensionContext
FN:48,getExtensionContext
FN:55,logOut
FN:81,authenticateUser
FN:131,signInOrSignUpUserWithUserInput
FN:143,(anonymous_15)
FN:153,(anonymous_16)
FN:164,(anonymous_17)
FN:176,(anonymous_18)
FN:209,(anonymous_19)
FN:249,checkIfCachedUserIdExistsAndPrompt
FN:257,(anonymous_22)
FNF:12
FNH:2
FNDA:0,storeExtensionContext
FNDA:8,getExtensionContext
FNDA:0,logOut
FNDA:0,authenticateUser
FNDA:0,signInOrSignUpUserWithUserInput
FNDA:0,(anonymous_15)
FNDA:0,(anonymous_16)
FNDA:0,(anonymous_17)
FNDA:0,(anonymous_18)
FNDA:0,(anonymous_19)
FNDA:1,checkIfCachedUserIdExistsAndPrompt
FNDA:0,(anonymous_22)
DA:9,1
DA:10,1
DA:17,1
DA:32,1
DA:34,1
DA:40,2
DA:41,0
DA:42,0
DA:48,2
DA:49,8
DA:55,2
DA:57,0
DA:58,0
DA:59,0
DA:60,0
DA:61,0
DA:62,0
DA:63,0
DA:65,0
DA:66,0
DA:69,0
DA:70,0
DA:72,0
DA:74,0
DA:81,2
DA:82,0
DA:83,0
DA:84,0
DA:86,0
DA:87,0
DA:89,0
DA:91,0
DA:93,0
DA:95,0
DA:96,0
DA:100,0
DA:101,0
DA:102,0
DA:103,0
DA:106,0
DA:107,0
DA:108,0
DA:109,0
DA:110,0
DA:112,0
DA:115,0
DA:116,0
DA:118,0
DA:121,0
DA:122,0
DA:131,2
DA:132,0
DA:133,0
DA:134,0
DA:137,0
DA:143,0
DA:144,0
DA:145,0
DA:148,0
DA:151,0
DA:153,0
DA:154,0
DA:161,0
DA:164,0
DA:165,0
DA:171,0
DA:173,0
DA:175,0
DA:176,0
DA:177,0
DA:178,0
DA:179,0
DA:181,0
DA:187,0
DA:188,0
DA:189,0
DA:190,0
DA:193,0
DA:194,0
DA:195,0
DA:196,0
DA:197,0
DA:198,0
DA:203,0
DA:204,0
DA:205,0
DA:206,0
DA:208,0
DA:209,0
DA:210,0
DA:211,0
DA:212,0
DA:215,0
DA:221,0
DA:222,0
DA:223,0
DA:226,0
DA:227,0
DA:228,0
DA:229,0
DA:232,0
DA:233,0
DA:235,0
DA:249,2
DA:250,1
DA:251,1
DA:252,0
DA:253,0
DA:254,0
DA:257,0
DA:258,0
DA:259,0
DA:260,0
DA:261,0
DA:265,0
LF:115
LH:14
BRDA:91,1,0,0
BRDA:91,1,1,0
BRDA:107,2,0,0
BRDA:107,2,1,0
BRDA:144,3,0,0
BRDA:144,3,1,0
BRDA:165,4,0,0
BRDA:165,4,1,0
BRDA:166,5,0,0
BRDA:166,5,1,0
BRDA:166,5,2,0
BRDA:166,5,3,0
BRDA:173,6,0,0
BRDA:173,6,1,0
BRDA:179,7,0,0
BRDA:179,7,1,0
BRDA:193,8,0,0
BRDA:193,8,1,0
BRDA:195,9,0,0
BRDA:195,9,1,0
BRDA:197,10,0,0
BRDA:197,10,1,0
BRDA:206,11,0,0
BRDA:206,11,1,0
BRDA:212,12,0,0
BRDA:212,12,1,0
BRDA:226,13,0,0
BRDA:226,13,1,0
BRDA:228,14,0,0
BRDA:228,14,1,0
BRDA:232,15,0,0
BRDA:232,15,1,0
BRDA:253,16,0,0
BRDA:253,16,1,0
BRDA:259,17,0,0
BRDA:259,17,1,0
BRF:36
BRH:0
end_of_record
TN:
SF:..\..\src\util\Firestore.ts
FN:52,loginUserWithEmailAndPassword
FN:57,(anonymous_10)
FN:78,updatePersistentStorageWithUserDocData
FN:85,(anonymous_13)
FN:127,updateStats
FN:275,retrieveTeamMemberStats
FN:349,retrieveAllUserStats
FN:389,createNewUserInFirebase
FN:405,(anonymous_21)
FN:433,addNewUserDocToDb
FN:480,addNewTeamToDbAndJoin
FN:528,joinTeamWithTeamId
FN:616,leaveTeam
FN:661,(anonymous_30)
FN:684,checkIfInTeam
FN:725,retrieveUserStats
FN:773,retrieveUserDailyMetric
FN:820,retrieveUserUpdateDailyMetric
FN:857,userDocExists
FN:887,fetchTeamMembersList
FNF:20
FNH:0
FNDA:0,loginUserWithEmailAndPassword
FNDA:0,(anonymous_10)
FNDA:0,updatePersistentStorageWithUserDocData
FNDA:0,(anonymous_13)
FNDA:0,updateStats
FNDA:0,retrieveTeamMemberStats
FNDA:0,retrieveAllUserStats
FNDA:0,createNewUserInFirebase
FNDA:0,(anonymous_21)
FNDA:0,addNewUserDocToDb
FNDA:0,addNewTeamToDbAndJoin
FNDA:0,joinTeamWithTeamId
FNDA:0,leaveTeam
FNDA:0,(anonymous_30)
FNDA:0,checkIfInTeam
FNDA:0,retrieveUserStats
FNDA:0,retrieveUserDailyMetric
FNDA:0,retrieveUserUpdateDailyMetric
FNDA:0,userDocExists
FNDA:0,fetchTeamMembersList
DA:10,1
DA:11,1
DA:12,1
DA:13,1
DA:28,1
DA:29,1
DA:30,1
DA:32,1
DA:33,1
DA:34,1
DA:37,1
DA:38,1
DA:41,1
DA:42,1
DA:52,2
DA:53,0
DA:54,0
DA:55,0
DA:57,0
DA:58,0
DA:60,0
DA:61,0
DA:62,0
DA:65,0
DA:66,0
DA:68,0
DA:69,0
DA:71,0
DA:78,2
DA:79,0
DA:80,0
DA:81,0
DA:85,0
DA:86,0
DA:87,0
DA:88,0
DA:89,0
DA:90,0
DA:91,0
DA:92,0
DA:93,0
DA:94,0
DA:99,0
DA:100,0
DA:104,0
DA:106,0
DA:110,0
DA:111,0
DA:112,0
DA:113,0
DA:118,0
DA:119,0
DA:127,2
DA:128,0
DA:129,0
DA:131,0
DA:132,0
DA:133,0
DA:135,0
DA:137,0
DA:138,0
DA:140,0
DA:141,0
DA:142,0
DA:144,0
DA:146,0
DA:150,0
DA:153,0
DA:160,0
DA:162,0
DA:181,0
DA:182,0
DA:185,0
DA:187,0
DA:189,0
DA:200,0
DA:201,0
DA:204,0
DA:206,0
DA:209,0
DA:225,0
DA:227,0
DA:230,0
DA:241,0
DA:242,0
DA:245,0
DA:248,0
DA:265,0
DA:267,0
DA:275,2
DA:276,0
DA:278,0
DA:279,0
DA:280,0
DA:282,0
DA:283,0
DA:285,0
DA:287,0
DA:288,0
DA:290,0
DA:294,0
DA:295,0
DA:296,0
DA:299,0
DA:300,0
DA:301,0
DA:302,0
DA:303,0
DA:305,0
DA:311,0
DA:312,0
DA:313,0
DA:314,0
DA:317,0
DA:320,0
DA:321,0
DA:322,0
DA:325,0
DA:327,0
DA:328,0
DA:331,0
DA:332,0
DA:333,0
DA:339,0
DA:349,2
DA:350,0
DA:352,0
DA:354,0
DA:356,0
DA:359,0
DA:361,0
DA:362,0
DA:363,0
DA:364,0
DA:365,0
DA:367,0
DA:371,0
DA:374,0
DA:377,0
DA:389,2
DA:391,0
DA:392,0
DA:393,0
DA:395,0
DA:396,0
DA:397,0
DA:400,0
DA:401,0
DA:403,0
DA:405,0
DA:406,0
DA:407,0
DA:410,0
DA:412,0
DA:413,0
DA:416,0
DA:417,0
DA:418,0
DA:420,0
DA:421,0
DA:424,0
DA:433,2
DA:434,0
DA:436,0
DA:437,0
DA:438,0
DA:441,0
DA:442,0
DA:444,0
DA:452,0
DA:453,0
DA:456,0
DA:460,0
DA:466,0
DA:469,0
DA:472,0
DA:480,2
DA:481,0
DA:482,0
DA:484,0
DA:488,0
DA:491,0
DA:492,0
DA:493,0
DA:496,0
DA:501,0
DA:502,0
DA:505,0
DA:508,0
DA:509,0
DA:510,0
DA:514,0
DA:515,0
DA:528,2
DA:529,0
DA:531,0
DA:532,0
DA:533,0
DA:534,0
DA:536,0
DA:537,0
DA:538,0
DA:540,0
DA:541,0
DA:543,0
DA:546,0
DA:547,0
DA:548,0
DA:549,0
DA:550,0
DA:551,0
DA:553,0
DA:556,0
DA:559,0
DA:566,0
DA:571,0
DA:572,0
DA:576,0
DA:579,0
DA:586,0
DA:587,0
DA:588,0
DA:589,0
DA:592,0
DA:595,0
DA:598,0
DA:599,0
DA:605,0
DA:606,0
DA:616,2
DA:618,0
DA:620,0
DA:621,0
DA:622,0
DA:623,0
DA:626,0
DA:629,0
DA:630,0
DA:631,0
DA:632,0
DA:633,0
DA:636,0
DA:639,0
DA:642,0
DA:645,0
DA:648,0
DA:649,0
DA:652,0
DA:656,0
DA:661,0
DA:663,0
DA:664,0
DA:665,0
DA:668,0
DA:669,0
DA:670,0
DA:671,0
DA:672,0
DA:675,0
DA:676,0
DA:684,2
DA:685,0
DA:686,0
DA:687,0
DA:689,0
DA:690,0
DA:696,0
DA:697,0
DA:698,0
DA:699,0
DA:700,0
DA:701,0
DA:703,0
DA:704,0
DA:705,0
DA:706,0
DA:713,0
DA:714,0
DA:717,0
DA:718,0
DA:725,2
DA:726,0
DA:728,0
DA:729,0
DA:730,0
DA:731,0
DA:733,0
DA:734,0
DA:736,0
DA:743,0
DA:744,0
DA:745,0
DA:746,0
DA:747,0
DA:748,0
DA:750,0
DA:754,0
DA:755,0
DA:757,0
DA:760,0
DA:763,0
DA:773,2
DA:774,0
DA:776,0
DA:778,0
DA:779,0
DA:781,0
DA:782,0
DA:784,0
DA:785,0
DA:788,0
DA:789,0
DA:791,0
DA:797,0
DA:799,0
DA:801,0
DA:802,0
DA:806,0
DA:807,0
DA:808,0
DA:811,0
DA:820,2
DA:821,0
DA:823,0
DA:824,0
DA:826,0
DA:827,0
DA:834,0
DA:836,0
DA:837,0
DA:839,0
DA:840,0
DA:844,0
DA:847,0
DA:849,0
DA:857,2
DA:858,0
DA:859,0
DA:860,0
DA:861,0
DA:866,0
DA:867,0
DA:868,0
DA:869,0
DA:873,0
DA:874,0
DA:877,0
DA:878,0
DA:880,0
DA:881,0
DA:887,2
DA:888,0
DA:889,0
DA:890,0
DA:893,0
DA:894,0
DA:899,0
DA:900,0
DA:901,0
DA:904,0
DA:905,0
DA:906,0
DA:907,0
DA:908,0
DA:909,0
DA:910,0
DA:911,0
DA:912,0
DA:917,0
DA:920,0
DA:923,0
LF:371
LH:30
BRDA:37,1,0,1
BRDA:37,1,1,0
BRDA:86,2,0,0
BRDA:86,2,1,0
BRDA:110,3,0,0
BRDA:110,3,1,0
BRDA:110,4,0,0
BRDA:110,4,1,0
BRDA:110,4,2,0
BRDA:131,5,0,0
BRDA:131,5,1,0
BRDA:150,6,0,0
BRDA:150,6,1,0
BRDA:160,7,0,0
BRDA:160,7,1,0
BRDA:282,8,0,0
BRDA:282,8,1,0
BRDA:287,9,0,0
BRDA:287,9,1,0
BRDA:294,10,0,0
BRDA:294,10,1,0
BRDA:312,11,0,0
BRDA:312,11,1,0
BRDA:391,12,0,0
BRDA:391,12,1,0
BRDA:395,13,0,0
BRDA:395,13,1,0
BRDA:436,14,0,0
BRDA:436,14,1,0
BRDA:481,15,0,0
BRDA:481,15,1,0
BRDA:481,16,0,0
BRDA:481,16,1,0
BRDA:501,17,0,0
BRDA:501,17,1,0
BRDA:536,18,0,0
BRDA:536,18,1,0
BRDA:536,19,0,0
BRDA:536,19,1,0
BRDA:621,20,0,0
BRDA:621,20,1,0
BRDA:648,21,0,0
BRDA:648,21,1,0
BRDA:687,22,0,0
BRDA:687,22,1,0
BRDA:696,23,0,0
BRDA:696,23,1,0
BRDA:699,24,0,0
BRDA:699,24,1,0
BRDA:699,25,0,0
BRDA:699,25,1,0
BRDA:733,26,0,0
BRDA:733,26,1,0
BRDA:733,27,0,0
BRDA:733,27,1,0
BRDA:733,27,2,0
BRDA:784,28,0,0
BRDA:784,28,1,0
BRDA:797,29,0,0
BRDA:797,29,1,0
BRDA:834,30,0,0
BRDA:834,30,1,0
BRDA:858,31,0,0
BRDA:858,31,1,0
BRDA:858,32,0,0
BRDA:858,32,1,0
BRDA:866,33,0,0
BRDA:866,33,1,0
BRDA:890,34,0,0
BRDA:890,34,1,0
BRDA:899,35,0,0
BRDA:899,35,1,0
BRDA:906,36,0,0
BRDA:906,36,1,0
BRF:74
BRH:1
end_of_record
TN:
SF:..\..\src\util\Leaderboard.ts
FN:41,(anonymous_8)
FN:48,(anonymous_9)
FN:63,(anonymous_10)
FN:71,getLeaderboardFile
FN:84,getTeamLeaderboardFile
FN:97,displayLeaderboard
FN:142,displayTeamLeaderboard
FN:188,writeToFile
FN:232,(anonymous_19)
FNF:9
FNH:4
FNDA:0,(anonymous_8)
FNDA:1,(anonymous_9)
FNDA:1,(anonymous_10)
FNDA:1,getLeaderboardFile
FNDA:1,getTeamLeaderboardFile
FNDA:0,displayLeaderboard
FNDA:0,displayTeamLeaderboard
FNDA:0,writeToFile
FNDA:0,(anonymous_19)
DA:12,1
DA:13,1
DA:14,1
DA:16,1
DA:20,1
DA:33,1
DA:38,1
DA:49,1
DA:50,1
DA:52,1
DA:53,1
DA:54,1
DA:55,0
DA:57,1
DA:64,1
DA:71,2
DA:72,1
DA:73,1
DA:74,1
DA:76,0
DA:78,1
DA:84,2
DA:85,1
DA:86,1
DA:87,1
DA:89,0
DA:91,1
DA:97,2
DA:99,0
DA:100,0
DA:101,0
DA:102,0
DA:107,0
DA:109,0
DA:111,0
DA:112,0
DA:113,0
DA:114,0
DA:116,0
DA:117,0
DA:118,0
DA:121,0
DA:124,0
DA:127,0
DA:130,0
DA:132,0
DA:142,2
DA:144,0
DA:145,0
DA:146,0
DA:147,0
DA:152,0
DA:154,0
DA:156,0
DA:157,0
DA:158,0
DA:159,0
DA:161,0
DA:162,0
DA:163,0
DA:166,0
DA:169,0
DA:172,0
DA:175,0
DA:177,0
DA:188,1
DA:189,0
DA:191,0
DA:193,0
DA:194,0
DA:196,0
DA:198,0
DA:199,0
DA:200,0
DA:202,0
DA:203,0
DA:204,0
DA:205,0
DA:206,0
DA:207,0
DA:215,0
DA:217,0
DA:218,0
DA:219,0
DA:220,0
DA:221,0
DA:222,0
DA:223,0
DA:224,0
DA:225,0
DA:226,0
DA:227,0
DA:228,0
DA:229,0
DA:232,0
DA:233,0
DA:236,0
DA:237,0
DA:238,0
DA:240,0
DA:241,0
DA:243,0
DA:245,0
DA:246,0
DA:247,0
DA:248,0
DA:249,0
DA:250,0
DA:252,0
DA:255,0
DA:257,0
DA:258,0
DA:259,0
DA:262,0
DA:263,0
DA:266,0
DA:267,0
DA:270,0
DA:271,0
DA:274,0
DA:275,0
DA:278,0
DA:279,0
DA:283,0
DA:284,0
DA:285,0
DA:287,0
DA:288,0
DA:290,0
DA:292,0
DA:302,0
DA:304,0
DA:316,0
DA:321,0
DA:323,0
DA:324,0
DA:326,0
DA:327,0
DA:329,0
DA:331,0
DA:332,0
DA:339,0
DA:347,0
DA:352,0
DA:358,0
DA:362,0
DA:364,0
DA:365,0
DA:366,0
DA:367,0
DA:368,0
DA:369,0
DA:370,0
DA:372,0
DA:373,0
DA:375,0
DA:376,0
DA:377,0
DA:379,0
DA:382,0
DA:384,0
DA:387,0
DA:390,0
DA:393,0
DA:396,0
DA:399,0
DA:403,0
DA:404,0
DA:405,0
LF:169
LH:27
BRDA:49,1,0,1
BRDA:49,1,1,0
BRDA:73,2,0,1
BRDA:73,2,1,0
BRDA:86,3,0,1
BRDA:86,3,1,0
BRDA:100,4,0,0
BRDA:100,4,1,0
BRDA:112,5,0,0
BRDA:112,5,1,0
BRDA:116,6,0,0
BRDA:116,6,1,0
BRDA:145,7,0,0
BRDA:145,7,1,0
BRDA:157,8,0,0
BRDA:157,8,1,0
BRDA:161,9,0,0
BRDA:161,9,1,0
BRDA:193,10,0,0
BRDA:193,10,1,0
BRDA:245,11,0,0
BRDA:245,11,1,0
BRDA:247,12,0,0
BRDA:247,12,1,0
BRDA:249,13,0,0
BRDA:249,13,1,0
BRDA:257,14,0,0
BRDA:257,14,1,0
BRDA:258,15,0,0
BRDA:258,15,1,0
BRDA:262,16,0,0
BRDA:262,16,1,0
BRDA:266,17,0,0
BRDA:266,17,1,0
BRDA:270,18,0,0
BRDA:270,18,1,0
BRDA:274,19,0,0
BRDA:274,19,1,0
BRDA:278,20,0,0
BRDA:278,20,1,0
BRDA:287,21,0,0
BRDA:287,21,1,0
BRDA:318,22,0,0
BRDA:318,22,1,0
BRDA:331,23,0,0
BRDA:331,23,1,0
BRDA:404,24,0,0
BRDA:404,24,1,0
BRF:48
BRH:3
end_of_record
TN:
SF:..\..\src\util\Constants.ts
FNF:0
FNH:0
DA:11,1
DA:22,1
DA:24,1
DA:32,1
DA:42,1
DA:49,1
DA:50,1
DA:51,1
DA:52,1
DA:55,1
DA:56,1
DA:57,1
DA:58,1
DA:59,1
DA:60,1
DA:61,1
DA:62,1
DA:65,1
DA:66,1
DA:67,1
DA:69,1
DA:70,1
DA:71,1
DA:72,1
DA:73,1
DA:75,1
DA:76,1
DA:77,1
DA:79,1
DA:80,1
DA:82,1
DA:84,1
DA:86,1
DA:88,1
DA:90,1
DA:93,1
DA:95,1
DA:97,1
DA:99,1
DA:101,1
LF:40
LH:40
BRF:0
BRH:0
end_of_record
TN:
SF:..\..\src\util\PersonalStats.ts
FN:42,(anonymous_8)
FN:49,(anonymous_9)
FN:64,(anonymous_10)
FN:72,getPersonalStatsFile
FN:85,displayPersonalStats
FN:130,writePersonalStatsFile
FN:148,(anonymous_16)
FNF:7
FNH:3
FNDA:0,(anonymous_8)
FNDA:1,(anonymous_9)
FNDA:1,(anonymous_10)
FNDA:1,getPersonalStatsFile
FNDA:0,displayPersonalStats
FNDA:0,writePersonalStatsFile
FNDA:0,(anonymous_16)
DA:13,1
DA:14,1
DA:15,1
DA:16,1
DA:18,1
DA:22,1
DA:33,1
DA:39,1
DA:50,1
DA:51,1
DA:53,1
DA:54,1
DA:55,1
DA:56,1
DA:58,1
DA:65,1
DA:72,2
DA:73,1
DA:74,1
DA:75,1
DA:77,0
DA:79,1
DA:85,2
DA:89,0
DA:90,0
DA:91,0
DA:92,0
DA:95,0
DA:97,0
DA:99,0
DA:100,0
DA:101,0
DA:102,0
DA:104,0
DA:105,0
DA:106,0
DA:109,0
DA:112,0
DA:115,0
DA:118,0
DA:120,0
DA:130,1
DA:131,0
DA:133,0
DA:135,0
DA:137,0
DA:138,0
DA:139,0
DA:140,0
DA:141,0
DA:142,0
DA:143,0
DA:144,0
DA:145,0
DA:148,0
DA:149,0
DA:152,0
DA:154,0
DA:156,0
DA:157,0
DA:158,0
DA:159,0
DA:160,0
DA:161,0
DA:163,0
DA:164,0
DA:165,0
DA:166,0
DA:168,0
DA:170,0
DA:173,0
DA:174,0
DA:175,0
DA:177,0
DA:178,0
DA:180,0
DA:182,0
DA:184,0
DA:186,0
DA:187,0
DA:188,0
DA:189,0
DA:191,0
DA:192,0
DA:195,0
DA:196,0
DA:197,0
DA:199,0
DA:200,0
DA:203,0
DA:205,0
DA:213,0
DA:221,0
DA:229,0
DA:232,0
DA:233,0
DA:234,0
DA:236,0
DA:238,0
DA:242,0
DA:246,0
DA:250,0
DA:255,0
DA:259,0
DA:264,0
DA:265,0
DA:266,0
DA:268,0
DA:270,0
DA:272,0
DA:274,0
DA:276,0
DA:279,0
DA:281,0
DA:283,0
DA:285,0
DA:287,0
DA:289,0
DA:291,0
DA:293,0
DA:295,0
DA:297,0
DA:299,0
DA:301,0
DA:303,0
DA:305,0
DA:307,0
DA:309,0
DA:311,0
DA:313,0
DA:316,0
DA:317,0
DA:318,0
LF:133
LH:23
BRDA:50,1,0,1
BRDA:50,1,1,0
BRDA:74,2,0,1
BRDA:74,2,1,0
BRDA:90,3,0,0
BRDA:90,3,1,0
BRDA:100,4,0,0
BRDA:100,4,1,0
BRDA:104,5,0,0
BRDA:104,5,1,0
BRDA:187,6,0,0
BRDA:187,6,1,0
BRDA:196,7,0,0
BRDA:196,7,1,0
BRDA:317,8,0,0
BRDA:317,8,1,0
BRF:16
BRH:2
end_of_record
TN:
SF:..\..\src\util\Metric.ts
FN:13,processMetric
FN:42,scoreCalculation
FN:54,calculateStats
FNF:3
FNH:1
FNDA:0,processMetric
FNDA:2,scoreCalculation
FNDA:0,calculateStats
DA:13,2
DA:16,0
DA:19,0
DA:20,0
DA:21,0
DA:22,0
DA:24,0
DA:25,0
DA:26,0
DA:27,0
DA:28,0
DA:30,0
DA:31,0
DA:36,0
DA:42,2
DA:44,2
DA:45,2
DA:46,2
DA:47,2
DA:48,2
DA:54,2
DA:55,0
DA:61,0
DA:62,0
DA:63,0
DA:64,0
DA:65,0
DA:68,0
DA:69,0
DA:71,0
DA:72,0
DA:73,0
DA:74,0
DA:76,0
DA:80,0
DA:84,0
LF:36
LH:8
BRDA:26,1,0,0
BRDA:26,1,1,0
BRDA:27,2,0,0
BRDA:27,2,1,0
BRDA:30,3,0,0
BRDA:30,3,1,0
BRDA:78,4,0,0
BRDA:78,4,1,0
BRDA:82,5,0,0
BRDA:82,5,1,0
BRF:10
BRH:0
end_of_record
TN:
SF:..\..\src\util\DailyMetricDataProvider.ts
FN:112,(anonymous_1)
FN:49,(anonymous_2)
FN:160,(anonymous_3)
FN:174,(anonymous_4)
FN:181,(anonymous_5)
FN:197,constructDailyMetricData
FNF:6
FNH:2
FNDA:2,(anonymous_1)
FNDA:0,(anonymous_2)
FNDA:0,(anonymous_3)
FNDA:0,(anonymous_4)
FNDA:11,(anonymous_5)
FNDA:0,constructDailyMetricData
DA:11,1
DA:22,1
DA:23,1
DA:25,1
DA:27,1
DA:37,1
DA:39,2
DA:42,2
DA:50,0
DA:52,0
DA:53,0
DA:67,0
DA:69,0
DA:70,0
DA:72,0
DA:78,0
DA:80,0
DA:81,0
DA:82,0
DA:83,0
DA:86,0
DA:99,0
DA:103,0
DA:113,2
DA:114,1
DA:129,1
DA:131,1
DA:134,1
DA:136,1
DA:137,1
DA:138,0
DA:139,0
DA:142,0
DA:151,1
DA:163,0
DA:164,0
DA:166,0
DA:175,0
DA:178,1
DA:182,11
DA:188,11
DA:197,2
DA:198,0
DA:200,0
DA:202,0
DA:203,0
LF:46
LH:20
BRDA:113,1,0,1
BRDA:113,1,1,1
BRDA:138,2,0,0
BRDA:138,2,1,0
BRDA:52,3,0,0
BRDA:52,3,1,0
BRDA:82,4,0,0
BRDA:82,4,1,0
BRDA:163,5,0,0
BRDA:163,5,1,0
BRDA:185,6,0,5
BRDA:185,6,1,6
BRF:12
BRH:4
end_of_record
TN:
SF:..\..\src\util\Team.ts
FN:29,createAndJoinTeam
FN:54,(anonymous_10)
FN:69,getTeamInfo
FN:98,joinTeam
FN:118,(anonymous_15)
FNF:5
FNH:1
FNDA:0,createAndJoinTeam
FNDA:0,(anonymous_10)
FNDA:1,getTeamInfo
FNDA:0,joinTeam
FNDA:0,(anonymous_15)
DA:8,1
DA:9,1
DA:14,1
DA:18,1
DA:29,2
DA:31,0
DA:33,0
DA:35,0
DA:37,0
DA:38,0
DA:39,0
DA:42,0
DA:45,0
DA:46,0
DA:47,0
DA:50,0
DA:52,0
DA:54,0
DA:55,0
DA:56,0
DA:57,0
DA:60,0
DA:69,2
DA:70,1
DA:71,0
DA:73,0
DA:74,0
DA:75,0
DA:77,0
DA:78,0
DA:79,0
DA:82,0
DA:83,0
DA:84,0
DA:87,0
DA:89,0
DA:91,0
DA:92,0
DA:93,0
DA:98,2
DA:100,0
DA:103,0
DA:104,0
DA:105,0
DA:106,0
DA:109,0
DA:111,0
DA:113,0
DA:114,0
DA:116,0
DA:118,0
DA:119,0
DA:120,0
DA:121,0
DA:123,0
LF:55
LH:8
BRDA:37,1,0,0
BRDA:37,1,1,0
BRDA:37,2,0,0
BRDA:37,2,1,0
BRDA:45,3,0,0
BRDA:45,3,1,0
BRDA:55,4,0,0
BRDA:55,4,1,0
BRDA:55,5,0,0
BRDA:55,5,1,0
BRDA:77,6,0,0
BRDA:77,6,1,0
BRDA:77,7,0,0
BRDA:77,7,1,0
BRDA:82,8,0,0
BRDA:82,8,1,0
BRDA:82,9,0,0
BRDA:82,9,1,0
BRDA:104,10,0,0
BRDA:104,10,1,0
BRDA:113,11,0,0
BRDA:113,11,1,0
BRDA:113,12,0,0
BRDA:113,12,1,0
BRDA:119,13,0,0
BRDA:119,13,1,0
BRF:26
BRH:0
end_of_record
TN:
SF:..\..\src\util\TeamDataProvider.ts
FN:82,(anonymous_8)
FN:51,(anonymous_9)
FN:93,(anonymous_10)
FN:102,(anonymous_11)
FN:114,(anonymous_12)
FN:125,(anonymous_13)
FN:142,(anonymous_14)
FNF:7
FNH:2
FNDA:1,(anonymous_8)
FNDA:0,(anonymous_9)
FNDA:0,(anonymous_10)
FNDA:0,(anonymous_11)
FNDA:0,(anonymous_12)
FNDA:5,(anonymous_13)
FNDA:0,(anonymous_14)
DA:11,1
DA:23,1
DA:30,1
DA:41,1
DA:42,1
DA:45,1
DA:52,0
DA:53,0
DA:54,0
DA:55,0
DA:57,0
DA:58,0
DA:63,0
DA:73,0
DA:83,1
DA:94,0
DA:103,0
DA:104,0
DA:106,0
DA:115,0
DA:122,1
DA:126,5
DA:132,5
DA:140,1
DA:141,0
DA:142,0
DA:143,0
DA:144,0
DA:147,0
DA:149,0
DA:159,1
DA:163,0
DA:164,0
DA:165,0
DA:166,0
DA:167,0
DA:168,0
DA:169,0
DA:170,0
DA:171,0
DA:172,0
DA:174,0
DA:175,0
DA:184,0
DA:190,0
LF:45
LH:12
BRDA:57,1,0,0
BRDA:57,1,1,0
BRDA:57,2,0,0
BRDA:57,2,1,0
BRDA:103,3,0,0
BRDA:103,3,1,0
BRDA:129,4,0,3
BRDA:129,4,1,2
BRDA:143,5,0,0
BRDA:143,5,1,0
BRDA:143,6,0,0
BRDA:143,6,1,0
BRDA:163,7,0,0
BRDA:163,7,1,0
BRDA:165,8,0,0
BRDA:165,8,1,0
BRDA:167,9,0,0
BRDA:167,9,1,0
BRDA:169,10,0,0
BRDA:169,10,1,0
BRDA:174,11,0,0
BRDA:174,11,1,0
BRDA:174,12,0,0
BRDA:174,12,1,0
BRF:24
BRH:2
end_of_record
TN:
SF:..\..\src\util\MenuDataProvider.ts
FN:71,(anonymous_8)
FN:42,(anonymous_9)
FN:83,(anonymous_10)
FN:92,(anonymous_11)
FN:104,(anonymous_12)
FN:120,(anonymous_13)
FN:137,(anonymous_14)
FNF:7
FNH:2
FNDA:1,(anonymous_8)
FNDA:0,(anonymous_9)
FNDA:0,(anonymous_10)
FNDA:0,(anonymous_11)
FNDA:0,(anonymous_12)
FNDA:6,(anonymous_13)
FNDA:0,(anonymous_14)
DA:11,1
DA:23,1
DA:25,1
DA:27,1
DA:32,1
DA:33,1
DA:36,1
DA:43,0
DA:45,0
DA:46,0
DA:55,0
DA:62,0
DA:72,1
DA:84,0
DA:93,0
DA:94,0
DA:96,0
DA:105,0
DA:112,1
DA:121,6
DA:127,6
DA:135,1
DA:136,0
DA:137,0
DA:138,0
DA:139,0
DA:142,0
DA:144,0
DA:154,1
DA:158,0
DA:159,0
DA:160,0
DA:161,0
DA:162,0
DA:163,0
DA:164,0
DA:165,0
LF:37
LH:13
BRDA:45,1,0,0
BRDA:45,1,1,0
BRDA:93,2,0,0
BRDA:93,2,1,0
BRDA:124,3,0,4
BRDA:124,3,1,2
BRDA:138,4,0,0
BRDA:138,4,1,0
BRDA:138,5,0,0
BRDA:138,5,1,0
BRDA:158,6,0,0
BRDA:158,6,1,0
BRDA:160,7,0,0
BRDA:160,7,1,0
BRDA:162,8,0,0
BRDA:162,8,1,0
BRDA:164,9,0,0
BRDA:164,9,1,0
BRF:18
BRH:2
end_of_record
TN:
SF:..\..\src\util\LeaderDataProvider.ts
FN:129,(anonymous_8)
FN:44,(anonymous_9)
FN:170,(anonymous_10)
FN:179,(anonymous_11)
FN:191,(anonymous_12)
FN:211,(anonymous_13)
FN:236,(anonymous_14)
FNF:7
FNH:2
FNDA:1,(anonymous_8)
FNDA:0,(anonymous_9)
FNDA:0,(anonymous_10)
FNDA:0,(anonymous_11)
FNDA:0,(anonymous_12)
FNDA:2,(anonymous_13)
FNDA:0,(anonymous_14)
DA:11,1
DA:23,1
DA:24,1
DA:29,1
DA:34,1
DA:35,1
DA:38,1
DA:45,0
DA:47,0
DA:49,0
DA:50,0
DA:51,0
DA:52,0
DA:61,0
DA:71,0
DA:72,0
DA:76,0
DA:78,0
DA:79,0
DA:80,0
DA:84,0
DA:85,0
DA:88,0
DA:89,0
DA:91,0
DA:92,0
DA:93,0
DA:95,0
DA:99,0
DA:100,0
DA:105,0
DA:111,0
DA:112,0
DA:115,0
DA:120,0
DA:130,1
DA:131,1
DA:132,0
DA:134,0
DA:137,0
DA:138,0
DA:143,0
DA:144,0
DA:145,0
DA:154,0
DA:171,0
DA:180,0
DA:181,0
DA:183,0
DA:192,0
DA:199,1
DA:217,2
DA:223,2
DA:224,2
DA:225,2
DA:234,1
DA:235,0
DA:236,0
DA:237,0
DA:238,0
DA:241,0
DA:243,0
DA:253,1
DA:257,0
DA:258,0
DA:261,0
DA:262,0
DA:263,0
DA:265,0
DA:268,0
DA:269,0
DA:273,0
DA:275,0
DA:276,0
DA:277,0
DA:279,0
DA:280,0
DA:287,0
DA:288,0
DA:291,0
DA:293,0
DA:294,0
DA:295,0
DA:297,0
DA:298,0
DA:300,0
DA:302,0
DA:303,0
DA:304,0
DA:305,0
DA:306,0
DA:309,0
DA:310,0
DA:313,0
DA:315,0
DA:316,0
DA:317,0
DA:319,0
DA:326,0
DA:327,0
DA:329,0
DA:330,0
DA:332,0
DA:333,0
DA:336,0
DA:337,0
DA:338,0
DA:343,0
DA:344,0
DA:347,0
LF:110
LH:16
BRDA:131,1,0,0
BRDA:131,1,1,0
BRDA:144,2,0,0
BRDA:144,2,1,0
BRDA:144,3,0,0
BRDA:144,3,1,0
BRDA:49,4,0,0
BRDA:49,4,1,0
BRDA:51,5,0,0
BRDA:51,5,1,0
BRDA:51,6,0,0
BRDA:51,6,1,0
BRDA:78,7,0,0
BRDA:78,7,1,0
BRDA:84,8,0,0
BRDA:84,8,1,0
BRDA:91,9,0,0
BRDA:91,9,1,0
BRDA:99,10,0,0
BRDA:99,10,1,0
BRDA:180,11,0,0
BRDA:180,11,1,0
BRDA:220,12,0,1
BRDA:220,12,1,1
BRDA:237,13,0,0
BRDA:237,13,1,0
BRDA:237,14,0,0
BRDA:237,14,1,0
BRDA:261,15,0,0
BRDA:261,15,1,0
BRDA:262,16,0,0
BRDA:262,16,1,0
BRDA:275,17,0,0
BRDA:275,17,1,0
BRDA:276,18,0,0
BRDA:276,18,1,0
BRDA:287,19,0,0
BRDA:287,19,1,0
BRDA:293,20,0,0
BRDA:293,20,1,0
BRDA:294,21,0,0
BRDA:294,21,1,0
BRDA:302,22,0,0
BRDA:302,22,1,0
BRDA:303,23,0,0
BRDA:303,23,1,0
BRDA:309,24,0,0
BRDA:309,24,1,0
BRDA:315,25,0,0
BRDA:315,25,1,0
BRDA:316,26,0,0
BRDA:316,26,1,0
BRDA:326,27,0,0
BRDA:326,27,1,0
BRF:54
BRH:2
end_of_record
TN:
SF:c:\Users\garza\Cloud-9-Leaderboard\out\src\util\TaskProvier.js
FN:6,(anonymous_1)
FN:15,(anonymous_2)
FN:21,(anonymous_3)
FN:27,(anonymous_4)
FN:34,constructDailyMetricData
FNF:5
FNH:0
FNDA:0,(anonymous_1)
FNDA:0,(anonymous_2)
FNDA:0,(anonymous_3)
FNDA:0,(anonymous_4)
FNDA:0,constructDailyMetricData
DA:2,0
DA:3,0
DA:4,0
DA:7,0
DA:8,0
DA:9,0
DA:10,0
DA:11,0
DA:13,0
DA:16,0
DA:17,0
DA:19,0
DA:22,0
DA:25,0
DA:28,0
DA:31,0
DA:34,0
DA:35,0
DA:37,0
LF:19
LH:0
BRDA:16,1,0,0
BRDA:16,1,1,0
BRDA:28,2,0,0
BRDA:28,2,1,0
BRF:4
BRH:0
end_of_record
